Using pre-set license
Built from '2020.3/release' branch; Version is '2020.3.2f1 (8fd9074bf66c) revision 9427207'; Using compiler version '192528614'; Build Type 'Release'
OS: 'Windows 10 Pro; OS build 19042.1052; Version 2009; 64bit' Language: 'ru' Physical Memory: 16253 MB
BatchMode: 1, IsHumanControllingUs: 0, StartBugReporterOnCrash: 0, Is64bit: 1, IsPro: 0

 COMMAND LINE ARGUMENTS:
C:\Program Files\Unity\Hub\Editor\2020.3.2f1\Editor\Unity.exe
-adb2
-batchMode
-noUpm
-name
AssetImportWorker0
-projectPath
C:/Unity Projects/Helix Jump ECS
-logFile
Logs/AssetImportWorker0.log
-srvPort
50213
Successfully changed project path to: C:/Unity Projects/Helix Jump ECS
C:/Unity Projects/Helix Jump ECS
Using Asset Import Pipeline V2.
Refreshing native plugins compatible for Editor in 34.09 ms, found 0 plugins.
Preloading 0 native plugins for Editor in 0.00 ms.
Initialize engine version: 2020.3.2f1 (8fd9074bf66c)
[Subsystems] Discovering subsystems at path C:/Program Files/Unity/Hub/Editor/2020.3.2f1/Editor/Data/Resources/UnitySubsystems
[Subsystems] Discovering subsystems at path C:/Unity Projects/Helix Jump ECS/Assets
GfxDevice: creating device client; threaded=0
Direct3D:
    Version:  Direct3D 11.0 [level 11.1]
    Renderer: NVIDIA GeForce RTX 3060 Laptop GPU (ID=0x2520)
    Vendor:   
    VRAM:     6023 MB
    Driver:   27.21.14.6235
Initialize mono
Mono path[0] = 'C:/Program Files/Unity/Hub/Editor/2020.3.2f1/Editor/Data/Managed'
Mono path[1] = 'C:/Program Files/Unity/Hub/Editor/2020.3.2f1/Editor/Data/MonoBleedingEdge/lib/mono/unityjit'
Mono config path = 'C:/Program Files/Unity/Hub/Editor/2020.3.2f1/Editor/Data/MonoBleedingEdge/etc'
Using monoOptions --debugger-agent=transport=dt_socket,embedding=1,server=y,suspend=n,address=127.0.0.1:56584
Begin MonoManager ReloadAssembly
Registering precompiled unity dll's ...
Register platform support module: C:/Program Files/Unity/Hub/Editor/2020.3.2f1/Editor/Data/PlaybackEngines/WindowsStandaloneSupport/UnityEditor.WindowsStandalone.Extensions.dll
Registered in 0.002766 seconds.
Native extension for WindowsStandalone target not found
Refreshing native plugins compatible for Editor in 36.61 ms, found 0 plugins.
Preloading 0 native plugins for Editor in 0.00 ms.
Invoked RoslynAnalysisRunner static constructor.
RoslynAnalysisRunner will not be running.
RoslynAnalysisRunner has terminated.
Mono: successfully reloaded assembly
- Completed reload, in  3.196 seconds
Platform modules already initialized, skipping
Registering precompiled user dll's ...
Registered in 0.000729 seconds.
Begin MonoManager ReloadAssembly
Native extension for WindowsStandalone target not found
Refreshing native plugins compatible for Editor in 0.56 ms, found 0 plugins.
Preloading 0 native plugins for Editor in 0.00 ms.
Invoked RoslynAnalysisRunner static constructor.
RoslynAnalysisRunner will not be running.
RoslynAnalysisRunner has terminated.
Mono: successfully reloaded assembly
- Completed reload, in  1.395 seconds
Platform modules already initialized, skipping
========================================================================
Worker process is ready to serve import requests
Launched and connected shader compiler UnityShaderCompiler.exe after 0.07 seconds
Refreshing native plugins compatible for Editor in 0.30 ms, found 0 plugins.
Preloading 0 native plugins for Editor in 0.00 ms.
Unloading 1164 Unused Serialized files (Serialized files now loaded: 0)
System memory in use before: 60.3 MB.
System memory in use after: 60.3 MB.

Unloading 10 unused Assets to reduce memory usage. Loaded Objects now: 1606.
Total: 3.785200 ms (FindLiveObjects: 0.427500 ms CreateObjectMapping: 0.098000 ms MarkObjects: 3.056500 ms  DeleteObjects: 0.201900 ms)

========================================================================
Received Import Request.
  path: Assets/TextMesh Pro/Resources/Style Sheets/Default Style Sheet.asset
  artifactKey: Guid(f952c082cb03451daed3ee968ac6c63e) Importer(815301076,1909f56bfc062723c751e8b465ee728b)
Start importing Assets/TextMesh Pro/Resources/Style Sheets/Default Style Sheet.asset using Guid(f952c082cb03451daed3ee968ac6c63e) Importer(815301076,1909f56bfc062723c751e8b465ee728b)  -> (artifact id: '140ceb46d6fa3cb812ba039ebf1c53e7') in 0.057770 seconds
  Import took 0.063009 seconds .

========================================================================
Received Import Request.
  Time since last request: 0.000373 seconds.
  path: Assets/TextMesh Pro/Sprites/EmojiOne.png
  artifactKey: Guid(dffef66376be4fa480fb02b19edbe903) Importer(815301076,1909f56bfc062723c751e8b465ee728b)
Start importing Assets/TextMesh Pro/Sprites/EmojiOne.png using Guid(dffef66376be4fa480fb02b19edbe903) Importer(815301076,1909f56bfc062723c751e8b465ee728b)  -> (artifact id: 'fd7d93c5836769336f807507c1151094') in 0.127042 seconds
  Import took 0.129716 seconds .

========================================================================
Received Import Request.
  Time since last request: 0.000309 seconds.
  path: Assets/TextMesh Pro/Fonts/LiberationSans.ttf
  artifactKey: Guid(e3265ab4bf004d28a9537516768c1c75) Importer(815301076,1909f56bfc062723c751e8b465ee728b)
Start importing Assets/TextMesh Pro/Fonts/LiberationSans.ttf using Guid(e3265ab4bf004d28a9537516768c1c75) Importer(815301076,1909f56bfc062723c751e8b465ee728b)  -> (artifact id: 'a9a324215da999632e810aa3c9b0cb5c') in 0.134351 seconds
  Import took 0.137977 seconds .

========================================================================
Received Import Request.
  Time since last request: 0.000518 seconds.
  path: Assets/TextMesh Pro/Resources/Fonts & Materials/LiberationSans SDF.asset
  artifactKey: Guid(8f586378b4e144a9851e7b34d9b748ee) Importer(815301076,1909f56bfc062723c751e8b465ee728b)
Start importing Assets/TextMesh Pro/Resources/Fonts & Materials/LiberationSans SDF.asset using Guid(8f586378b4e144a9851e7b34d9b748ee) Importer(815301076,1909f56bfc062723c751e8b465ee728b)  -> (artifact id: '0993fc02711b3bbe6d995d41cc54c5cd') in 0.114535 seconds
  Import took 0.118966 seconds .

========================================================================
Received Import Request.
  Time since last request: 0.000395 seconds.
  path: Assets/TextMesh Pro/Resources/Sprite Assets/EmojiOne.asset
  artifactKey: Guid(c41005c129ba4d66911b75229fd70b45) Importer(815301076,1909f56bfc062723c751e8b465ee728b)
Start importing Assets/TextMesh Pro/Resources/Sprite Assets/EmojiOne.asset using Guid(c41005c129ba4d66911b75229fd70b45) Importer(815301076,1909f56bfc062723c751e8b465ee728b)  -> (artifact id: 'c7caeba900b5528200e11d20e5fa9515') in 0.019561 seconds
  Import took 0.022745 seconds .

========================================================================
Received Import Request.
  Time since last request: 253.980788 seconds.
  path: Assets/Scripts/Behaviours/UiButtons.cs
  artifactKey: Guid(d547b34016bb19f46836e1fc1cdbde25) Importer(815301076,1909f56bfc062723c751e8b465ee728b)
Start importing Assets/Scripts/Behaviours/UiButtons.cs using Guid(d547b34016bb19f46836e1fc1cdbde25) Importer(815301076,1909f56bfc062723c751e8b465ee728b)  -> (artifact id: '3a56abebed6014397fdc02de781f3c5f') in 0.015790 seconds
  Import took 0.018908 seconds .

========================================================================
Received Prepare
Registering precompiled user dll's ...
Registered in 0.000562 seconds.
Begin MonoManager ReloadAssembly
Native extension for WindowsStandalone target not found
Refreshing native plugins compatible for Editor in 0.29 ms, found 0 plugins.
Preloading 0 native plugins for Editor in 0.00 ms.
Invoked RoslynAnalysisRunner static constructor.
RoslynAnalysisRunner will not be running.
RoslynAnalysisRunner has terminated.
Mono: successfully reloaded assembly
- Completed reload, in  0.929 seconds
Platform modules already initialized, skipping
Switching build target platform(5) subTarget(0) extendedPlatform(0) -> platform(13) subTarget(537395200) extendedPlatform(0)
Refreshing native plugins compatible for Editor in 0.29 ms, found 0 plugins.
Preloading 0 native plugins for Editor in 0.00 ms.
Unloading 1150 Unused Serialized files (Serialized files now loaded: 0)
System memory in use before: 62.2 MB.
System memory in use after: 62.3 MB.

Unloading 5 unused Assets to reduce memory usage. Loaded Objects now: 1655.
Total: 2.431800 ms (FindLiveObjects: 0.238700 ms CreateObjectMapping: 0.032400 ms MarkObjects: 2.080300 ms  DeleteObjects: 0.079300 ms)

AssetImportParameters requested are different than current active one (requested -> active):
  custom:graphics/normal-map-encoding: 01000000000000000000000000000000 -> 02000000000000000000000000000000
========================================================================
Received Prepare
Registering precompiled user dll's ...
Registered in 0.001104 seconds.
Begin MonoManager ReloadAssembly
Native extension for WindowsStandalone target not found
Refreshing native plugins compatible for Editor in 0.32 ms, found 0 plugins.
Preloading 0 native plugins for Editor in 0.00 ms.
Invoked RoslynAnalysisRunner static constructor.
RoslynAnalysisRunner will not be running.
RoslynAnalysisRunner has terminated.
Mono: successfully reloaded assembly
- Completed reload, in  1.435 seconds
Platform modules already initialized, skipping
Switching build target platform(5) subTarget(0) extendedPlatform(0) -> platform(13) subTarget(537395200) extendedPlatform(0)
Refreshing native plugins compatible for Editor in 0.28 ms, found 0 plugins.
Preloading 0 native plugins for Editor in 0.00 ms.
Unloading 1150 Unused Serialized files (Serialized files now loaded: 0)
System memory in use before: 62.3 MB.
System memory in use after: 62.3 MB.

Unloading 5 unused Assets to reduce memory usage. Loaded Objects now: 1658.
Total: 2.744300 ms (FindLiveObjects: 0.280800 ms CreateObjectMapping: 0.047000 ms MarkObjects: 2.359900 ms  DeleteObjects: 0.054900 ms)

AssetImportParameters requested are different than current active one (requested -> active):
  custom:graphics/normal-map-encoding: 01000000000000000000000000000000 -> 02000000000000000000000000000000
========================================================================
Received Import Request.
  Time since last request: 266.565359 seconds.
  path: Assets/Scripts/Behaviours/UiButtons.cs
  artifactKey: Guid(d547b34016bb19f46836e1fc1cdbde25) Importer(815301076,1909f56bfc062723c751e8b465ee728b)
Start importing Assets/Scripts/Behaviours/UiButtons.cs using Guid(d547b34016bb19f46836e1fc1cdbde25) Importer(815301076,1909f56bfc062723c751e8b465ee728b)  -> (artifact id: 'b1aec4c8d6b344f3e0cbac9b52a6603f') in 0.007510 seconds
  Import took 0.015542 seconds .

========================================================================
Received Prepare
Registering precompiled user dll's ...
Registered in 0.001244 seconds.
Begin MonoManager ReloadAssembly
Native extension for WindowsStandalone target not found
Refreshing native plugins compatible for Editor in 0.47 ms, found 0 plugins.
Preloading 0 native plugins for Editor in 0.00 ms.
Invoked RoslynAnalysisRunner static constructor.
RoslynAnalysisRunner will not be running.
RoslynAnalysisRunner has terminated.
Mono: successfully reloaded assembly
- Completed reload, in  1.558 seconds
Platform modules already initialized, skipping
Switching build target platform(5) subTarget(0) extendedPlatform(0) -> platform(13) subTarget(537395200) extendedPlatform(0)
Refreshing native plugins compatible for Editor in 0.33 ms, found 0 plugins.
Preloading 0 native plugins for Editor in 0.00 ms.
Unloading 1150 Unused Serialized files (Serialized files now loaded: 0)
System memory in use before: 62.3 MB.
System memory in use after: 62.4 MB.

Unloading 5 unused Assets to reduce memory usage. Loaded Objects now: 1661.
Total: 2.986900 ms (FindLiveObjects: 0.225600 ms CreateObjectMapping: 0.070500 ms MarkObjects: 2.594800 ms  DeleteObjects: 0.094900 ms)

AssetImportParameters requested are different than current active one (requested -> active):
  custom:graphics/normal-map-encoding: 01000000000000000000000000000000 -> 02000000000000000000000000000000
========================================================================
Received Prepare
Registering precompiled user dll's ...
Registered in 0.000524 seconds.
Begin MonoManager ReloadAssembly
Native extension for WindowsStandalone target not found
Refreshing native plugins compatible for Editor in 0.18 ms, found 0 plugins.
Preloading 0 native plugins for Editor in 0.00 ms.
Invoked RoslynAnalysisRunner static constructor.
RoslynAnalysisRunner will not be running.
RoslynAnalysisRunner has terminated.
Mono: successfully reloaded assembly
- Completed reload, in  0.705 seconds
Platform modules already initialized, skipping
Switching build target platform(5) subTarget(0) extendedPlatform(0) -> platform(13) subTarget(537395200) extendedPlatform(0)
Refreshing native plugins compatible for Editor in 0.20 ms, found 0 plugins.
Preloading 0 native plugins for Editor in 0.00 ms.
Unloading 1150 Unused Serialized files (Serialized files now loaded: 0)
System memory in use before: 62.3 MB.
System memory in use after: 62.4 MB.

Unloading 5 unused Assets to reduce memory usage. Loaded Objects now: 1664.
Total: 1.518700 ms (FindLiveObjects: 0.177500 ms CreateObjectMapping: 0.033100 ms MarkObjects: 1.272200 ms  DeleteObjects: 0.035200 ms)

AssetImportParameters requested are different than current active one (requested -> active):
  custom:graphics/normal-map-encoding: 01000000000000000000000000000000 -> 02000000000000000000000000000000
========================================================================
Received Import Request.
  Time since last request: 435.719437 seconds.
  path: Assets/Prefabs/Scored.prefab
  artifactKey: Guid(3f31f46825e37b142ad898d9cfbafbe9) Importer(815301076,1909f56bfc062723c751e8b465ee728b)
Start importing Assets/Prefabs/Scored.prefab using Guid(3f31f46825e37b142ad898d9cfbafbe9) Importer(815301076,1909f56bfc062723c751e8b465ee728b)  -> (artifact id: '33b23334d478fdd07236e98c9770efc3') in 0.061606 seconds
  Import took 0.064171 seconds .

========================================================================
Received Import Request.
  Time since last request: 2.454159 seconds.
  path: ProjectSettings/TagManager.asset
  artifactKey: Guid(00000000000000003000000000000000) Importer(815301076,1909f56bfc062723c751e8b465ee728b)
Start importing ProjectSettings/TagManager.asset using Guid(00000000000000003000000000000000) Importer(815301076,1909f56bfc062723c751e8b465ee728b)  -> (artifact id: '837c7e046774477854535a87ba86bfce') in 0.012723 seconds
  Import took 0.017174 seconds .

========================================================================
Received Import Request.
  Time since last request: 0.001333 seconds.
  path: ProjectSettings/TagManager.asset
  artifactKey: Guid(00000000000000003000000000000000) Importer(815301076,1909f56bfc062723c751e8b465ee728b)
Start importing ProjectSettings/TagManager.asset using Guid(00000000000000003000000000000000) Importer(815301076,1909f56bfc062723c751e8b465ee728b)  -> (artifact id: '837c7e046774477854535a87ba86bfce') in 0.005715 seconds
  Import took 0.009609 seconds .

========================================================================
Received Prepare
Registering precompiled user dll's ...
Registered in 0.001058 seconds.
Begin MonoManager ReloadAssembly
Native extension for WindowsStandalone target not found
Refreshing native plugins compatible for Editor in 0.22 ms, found 0 plugins.
Preloading 0 native plugins for Editor in 0.00 ms.
Invoked RoslynAnalysisRunner static constructor.
RoslynAnalysisRunner will not be running.
RoslynAnalysisRunner has terminated.
Mono: successfully reloaded assembly
- Completed reload, in  1.214 seconds
Platform modules already initialized, skipping
Switching build target platform(5) subTarget(0) extendedPlatform(0) -> platform(13) subTarget(537395200) extendedPlatform(0)
Refreshing native plugins compatible for Editor in 0.28 ms, found 0 plugins.
Preloading 0 native plugins for Editor in 0.00 ms.
Unloading 1150 Unused Serialized files (Serialized files now loaded: 0)
System memory in use before: 62.3 MB.
System memory in use after: 62.4 MB.

Unloading 8 unused Assets to reduce memory usage. Loaded Objects now: 1668.
Total: 2.700700 ms (FindLiveObjects: 0.212400 ms CreateObjectMapping: 0.059400 ms MarkObjects: 2.357200 ms  DeleteObjects: 0.070200 ms)

AssetImportParameters requested are different than current active one (requested -> active):
  custom:graphics/normal-map-encoding: 01000000000000000000000000000000 -> 02000000000000000000000000000000
========================================================================
Received Import Request.
  Time since last request: 140.447549 seconds.
  path: Assets/Scripts/Behaviours/BallBehaviour.cs
  artifactKey: Guid(18ad69e63f9810a48886445d35cc4b95) Importer(815301076,1909f56bfc062723c751e8b465ee728b)
Start importing Assets/Scripts/Behaviours/BallBehaviour.cs using Guid(18ad69e63f9810a48886445d35cc4b95) Importer(815301076,1909f56bfc062723c751e8b465ee728b)  -> (artifact id: '0632904748dc2848e085e651ea662987') in 0.016318 seconds
  Import took 0.020426 seconds .

========================================================================
Received Import Request.
  Time since last request: 2.919222 seconds.
  path: Assets/Scripts/Behaviours/BallBehaviour.cs
  artifactKey: Guid(18ad69e63f9810a48886445d35cc4b95) Importer(815301076,1909f56bfc062723c751e8b465ee728b)
Start importing Assets/Scripts/Behaviours/BallBehaviour.cs using Guid(18ad69e63f9810a48886445d35cc4b95) Importer(815301076,1909f56bfc062723c751e8b465ee728b)  -> (artifact id: '0632904748dc2848e085e651ea662987') in 0.004845 seconds
  Import took 0.008393 seconds .

========================================================================
Received Prepare
Registering precompiled user dll's ...
Registered in 0.000521 seconds.
Begin MonoManager ReloadAssembly
Native extension for WindowsStandalone target not found
Refreshing native plugins compatible for Editor in 0.27 ms, found 0 plugins.
Preloading 0 native plugins for Editor in 0.00 ms.
Invoked RoslynAnalysisRunner static constructor.
RoslynAnalysisRunner will not be running.
RoslynAnalysisRunner has terminated.
Mono: successfully reloaded assembly
- Completed reload, in  1.404 seconds
Platform modules already initialized, skipping
Switching build target platform(5) subTarget(0) extendedPlatform(0) -> platform(13) subTarget(537395200) extendedPlatform(0)
Refreshing native plugins compatible for Editor in 0.23 ms, found 0 plugins.
Preloading 0 native plugins for Editor in 0.00 ms.
Unloading 1150 Unused Serialized files (Serialized files now loaded: 0)
System memory in use before: 62.3 MB.
System memory in use after: 62.4 MB.

Unloading 5 unused Assets to reduce memory usage. Loaded Objects now: 1671.
Total: 2.699900 ms (FindLiveObjects: 0.395200 ms CreateObjectMapping: 0.102900 ms MarkObjects: 2.112800 ms  DeleteObjects: 0.087300 ms)

AssetImportParameters requested are different than current active one (requested -> active):
  custom:graphics/normal-map-encoding: 01000000000000000000000000000000 -> 02000000000000000000000000000000
========================================================================
Received Import Request.
  Time since last request: 56.597917 seconds.
  path: Assets/Scripts/Behaviours/BallBehaviour.cs
  artifactKey: Guid(18ad69e63f9810a48886445d35cc4b95) Importer(815301076,1909f56bfc062723c751e8b465ee728b)
Start importing Assets/Scripts/Behaviours/BallBehaviour.cs using Guid(18ad69e63f9810a48886445d35cc4b95) Importer(815301076,1909f56bfc062723c751e8b465ee728b)  -> (artifact id: '934138ec6e8b6af5d1a53848c115dc40') in 0.007609 seconds
  Import took 0.014348 seconds .

========================================================================
Received Import Request.
  Time since last request: 2.167076 seconds.
  path: Assets/Scripts/Behaviours/BallBehaviour.cs
  artifactKey: Guid(18ad69e63f9810a48886445d35cc4b95) Importer(815301076,1909f56bfc062723c751e8b465ee728b)
Start importing Assets/Scripts/Behaviours/BallBehaviour.cs using Guid(18ad69e63f9810a48886445d35cc4b95) Importer(815301076,1909f56bfc062723c751e8b465ee728b)  -> (artifact id: '934138ec6e8b6af5d1a53848c115dc40') in 0.004829 seconds
  Import took 0.007748 seconds .

========================================================================
Received Prepare
Registering precompiled user dll's ...
Registered in 0.000595 seconds.
Begin MonoManager ReloadAssembly
Native extension for WindowsStandalone target not found
Refreshing native plugins compatible for Editor in 0.19 ms, found 0 plugins.
Preloading 0 native plugins for Editor in 0.00 ms.
Invoked RoslynAnalysisRunner static constructor.
RoslynAnalysisRunner will not be running.
RoslynAnalysisRunner has terminated.
Mono: successfully reloaded assembly
- Completed reload, in  0.788 seconds
Platform modules already initialized, skipping
Switching build target platform(5) subTarget(0) extendedPlatform(0) -> platform(13) subTarget(537395200) extendedPlatform(0)
Refreshing native plugins compatible for Editor in 0.19 ms, found 0 plugins.
Preloading 0 native plugins for Editor in 0.00 ms.
Unloading 1150 Unused Serialized files (Serialized files now loaded: 0)
System memory in use before: 62.3 MB.
System memory in use after: 62.4 MB.

Unloading 5 unused Assets to reduce memory usage. Loaded Objects now: 1674.
Total: 1.603800 ms (FindLiveObjects: 0.192300 ms CreateObjectMapping: 0.036000 ms MarkObjects: 1.332800 ms  DeleteObjects: 0.041800 ms)

AssetImportParameters requested are different than current active one (requested -> active):
  custom:graphics/normal-map-encoding: 01000000000000000000000000000000 -> 02000000000000000000000000000000
========================================================================
Received Import Request.
  Time since last request: 33.916205 seconds.
  path: Assets/Prefabs/Scored.prefab
  artifactKey: Guid(3f31f46825e37b142ad898d9cfbafbe9) Importer(815301076,1909f56bfc062723c751e8b465ee728b)
Start importing Assets/Prefabs/Scored.prefab using Guid(3f31f46825e37b142ad898d9cfbafbe9) Importer(815301076,1909f56bfc062723c751e8b465ee728b)  -> (artifact id: '38f02dc9d9f3ef569c2715ca4feea120') in 0.051047 seconds
  Import took 0.056788 seconds .

========================================================================
Received Prepare
Registering precompiled user dll's ...
Registered in 0.001008 seconds.
Begin MonoManager ReloadAssembly
Native extension for WindowsStandalone target not found
Refreshing native plugins compatible for Editor in 0.39 ms, found 0 plugins.
Preloading 0 native plugins for Editor in 0.00 ms.
Invoked RoslynAnalysisRunner static constructor.
RoslynAnalysisRunner will not be running.
RoslynAnalysisRunner has terminated.
Mono: successfully reloaded assembly
- Completed reload, in  1.685 seconds
Platform modules already initialized, skipping
Switching build target platform(5) subTarget(0) extendedPlatform(0) -> platform(13) subTarget(537395200) extendedPlatform(0)
Refreshing native plugins compatible for Editor in 0.49 ms, found 0 plugins.
Preloading 0 native plugins for Editor in 0.00 ms.
Unloading 1150 Unused Serialized files (Serialized files now loaded: 0)
System memory in use before: 62.4 MB.
System memory in use after: 62.4 MB.

Unloading 6 unused Assets to reduce memory usage. Loaded Objects now: 1678.
Total: 2.858900 ms (FindLiveObjects: 0.305500 ms CreateObjectMapping: 0.082200 ms MarkObjects: 2.379900 ms  DeleteObjects: 0.089900 ms)

AssetImportParameters requested are different than current active one (requested -> active):
  custom:graphics/normal-map-encoding: 01000000000000000000000000000000 -> 02000000000000000000000000000000
========================================================================
Received Import Request.
  Time since last request: 136.015775 seconds.
  path: Assets/Scripts/Components/ShowMenuComponent.cs
  artifactKey: Guid(45fac373fd861934687b57b35ef8be35) Importer(815301076,1909f56bfc062723c751e8b465ee728b)
Start importing Assets/Scripts/Components/ShowMenuComponent.cs using Guid(45fac373fd861934687b57b35ef8be35) Importer(815301076,1909f56bfc062723c751e8b465ee728b)  -> (artifact id: 'fcad8f0374f81aca2a4352a30aa4c941') in 0.012113 seconds
  Import took 0.014401 seconds .

========================================================================
Received Prepare
Registering precompiled user dll's ...
Registered in 0.000794 seconds.
Begin MonoManager ReloadAssembly
Native extension for WindowsStandalone target not found
Refreshing native plugins compatible for Editor in 0.38 ms, found 0 plugins.
Preloading 0 native plugins for Editor in 0.00 ms.
Invoked RoslynAnalysisRunner static constructor.
RoslynAnalysisRunner will not be running.
RoslynAnalysisRunner has terminated.
Mono: successfully reloaded assembly
- Completed reload, in  1.608 seconds
Platform modules already initialized, skipping
Switching build target platform(5) subTarget(0) extendedPlatform(0) -> platform(13) subTarget(537395200) extendedPlatform(0)
Refreshing native plugins compatible for Editor in 0.35 ms, found 0 plugins.
Preloading 0 native plugins for Editor in 0.00 ms.
Unloading 1151 Unused Serialized files (Serialized files now loaded: 0)
System memory in use before: 62.4 MB.
System memory in use after: 62.5 MB.

Unloading 5 unused Assets to reduce memory usage. Loaded Objects now: 1682.
Total: 3.162800 ms (FindLiveObjects: 0.197200 ms CreateObjectMapping: 0.060900 ms MarkObjects: 2.765100 ms  DeleteObjects: 0.138100 ms)

AssetImportParameters requested are different than current active one (requested -> active):
  custom:graphics/normal-map-encoding: 01000000000000000000000000000000 -> 02000000000000000000000000000000
========================================================================
Received Import Request.
  Time since last request: 6.297381 seconds.
  path: Assets/Scripts/EcsStartup.cs
  artifactKey: Guid(03a99ed09911dd641a11461d66c2b832) Importer(815301076,1909f56bfc062723c751e8b465ee728b)
Start importing Assets/Scripts/EcsStartup.cs using Guid(03a99ed09911dd641a11461d66c2b832) Importer(815301076,1909f56bfc062723c751e8b465ee728b)  -> (artifact id: 'ce3441cbc2aa4648ed33ea8500feb632') in 0.014260 seconds
  Import took 0.018283 seconds .

========================================================================
Received Import Request.
  Time since last request: 0.050035 seconds.
  path: Assets/Scripts/EcsStartup.cs
  artifactKey: Guid(03a99ed09911dd641a11461d66c2b832) Importer(815301076,1909f56bfc062723c751e8b465ee728b)
Start importing Assets/Scripts/EcsStartup.cs using Guid(03a99ed09911dd641a11461d66c2b832) Importer(815301076,1909f56bfc062723c751e8b465ee728b)  -> (artifact id: 'ce3441cbc2aa4648ed33ea8500feb632') in 0.005502 seconds
  Import took 0.009666 seconds .

========================================================================
Received Prepare
Registering precompiled user dll's ...
Registered in 0.000861 seconds.
Begin MonoManager ReloadAssembly
Native extension for WindowsStandalone target not found
Refreshing native plugins compatible for Editor in 0.23 ms, found 0 plugins.
Preloading 0 native plugins for Editor in 0.00 ms.
Invoked RoslynAnalysisRunner static constructor.
RoslynAnalysisRunner will not be running.
RoslynAnalysisRunner has terminated.
Mono: successfully reloaded assembly
- Completed reload, in  1.397 seconds
Platform modules already initialized, skipping
Switching build target platform(5) subTarget(0) extendedPlatform(0) -> platform(13) subTarget(537395200) extendedPlatform(0)
Refreshing native plugins compatible for Editor in 0.27 ms, found 0 plugins.
Preloading 0 native plugins for Editor in 0.00 ms.
Unloading 1151 Unused Serialized files (Serialized files now loaded: 0)
System memory in use before: 62.4 MB.
System memory in use after: 62.5 MB.

Unloading 5 unused Assets to reduce memory usage. Loaded Objects now: 1685.
Total: 2.108200 ms (FindLiveObjects: 0.211100 ms CreateObjectMapping: 0.029800 ms MarkObjects: 1.761700 ms  DeleteObjects: 0.104600 ms)

AssetImportParameters requested are different than current active one (requested -> active):
  custom:graphics/normal-map-encoding: 01000000000000000000000000000000 -> 02000000000000000000000000000000
========================================================================
Received Import Request.
  Time since last request: 51.981674 seconds.
  path: Assets/Scripts/Components/ShowMenuComponent.cs
  artifactKey: Guid(45fac373fd861934687b57b35ef8be35) Importer(815301076,1909f56bfc062723c751e8b465ee728b)
Start importing Assets/Scripts/Components/ShowMenuComponent.cs using Guid(45fac373fd861934687b57b35ef8be35) Importer(815301076,1909f56bfc062723c751e8b465ee728b)  -> (artifact id: '6516b05fa1ebc1be203d5bb1e70f75ae') in 0.007942 seconds
  Import took 0.012776 seconds .

========================================================================
Received Prepare
Registering precompiled user dll's ...
Registered in 0.000963 seconds.
Begin MonoManager ReloadAssembly
Native extension for WindowsStandalone target not found
Refreshing native plugins compatible for Editor in 0.24 ms, found 0 plugins.
Preloading 0 native plugins for Editor in 0.00 ms.
Invoked RoslynAnalysisRunner static constructor.
RoslynAnalysisRunner will not be running.
RoslynAnalysisRunner has terminated.
Mono: successfully reloaded assembly
- Completed reload, in  1.289 seconds
Platform modules already initialized, skipping
Switching build target platform(5) subTarget(0) extendedPlatform(0) -> platform(13) subTarget(537395200) extendedPlatform(0)
Refreshing native plugins compatible for Editor in 0.25 ms, found 0 plugins.
Preloading 0 native plugins for Editor in 0.00 ms.
Unloading 1151 Unused Serialized files (Serialized files now loaded: 0)
System memory in use before: 62.4 MB.
System memory in use after: 62.5 MB.

Unloading 5 unused Assets to reduce memory usage. Loaded Objects now: 1688.
Total: 2.131000 ms (FindLiveObjects: 0.159700 ms CreateObjectMapping: 0.044300 ms MarkObjects: 1.811500 ms  DeleteObjects: 0.114400 ms)

AssetImportParameters requested are different than current active one (requested -> active):
  custom:graphics/normal-map-encoding: 01000000000000000000000000000000 -> 02000000000000000000000000000000
========================================================================
Received Import Request.
  Time since last request: 21.212786 seconds.
  path: Assets/Scripts/Systems/ShowMenuSystem.cs
  artifactKey: Guid(9cd00c43d403a204b9e12c49968473b7) Importer(815301076,1909f56bfc062723c751e8b465ee728b)
Start importing Assets/Scripts/Systems/ShowMenuSystem.cs using Guid(9cd00c43d403a204b9e12c49968473b7) Importer(815301076,1909f56bfc062723c751e8b465ee728b)  -> (artifact id: 'd90597b99671ffd81ad3ea62ee891086') in 0.011177 seconds
  Import took 0.017495 seconds .

========================================================================
Received Prepare
Registering precompiled user dll's ...
Registered in 0.001408 seconds.
Begin MonoManager ReloadAssembly
Native extension for WindowsStandalone target not found
Refreshing native plugins compatible for Editor in 0.25 ms, found 0 plugins.
Preloading 0 native plugins for Editor in 0.00 ms.
Invoked RoslynAnalysisRunner static constructor.
RoslynAnalysisRunner will not be running.
RoslynAnalysisRunner has terminated.
Mono: successfully reloaded assembly
- Completed reload, in  1.519 seconds
Platform modules already initialized, skipping
Switching build target platform(5) subTarget(0) extendedPlatform(0) -> platform(13) subTarget(537395200) extendedPlatform(0)
Refreshing native plugins compatible for Editor in 0.31 ms, found 0 plugins.
Preloading 0 native plugins for Editor in 0.00 ms.
Unloading 1152 Unused Serialized files (Serialized files now loaded: 0)
System memory in use before: 62.4 MB.
System memory in use after: 62.5 MB.

Unloading 5 unused Assets to reduce memory usage. Loaded Objects now: 1692.
Total: 2.639800 ms (FindLiveObjects: 0.264000 ms CreateObjectMapping: 0.118500 ms MarkObjects: 2.156700 ms  DeleteObjects: 0.099300 ms)

AssetImportParameters requested are different than current active one (requested -> active):
  custom:graphics/normal-map-encoding: 01000000000000000000000000000000 -> 02000000000000000000000000000000
========================================================================
Received Prepare
Registering precompiled user dll's ...
Registered in 0.000689 seconds.
Begin MonoManager ReloadAssembly
Native extension for WindowsStandalone target not found
Refreshing native plugins compatible for Editor in 0.37 ms, found 0 plugins.
Preloading 0 native plugins for Editor in 0.00 ms.
Invoked RoslynAnalysisRunner static constructor.
RoslynAnalysisRunner will not be running.
RoslynAnalysisRunner has terminated.
Mono: successfully reloaded assembly
- Completed reload, in  1.528 seconds
Platform modules already initialized, skipping
Switching build target platform(5) subTarget(0) extendedPlatform(0) -> platform(13) subTarget(537395200) extendedPlatform(0)
Refreshing native plugins compatible for Editor in 0.32 ms, found 0 plugins.
Preloading 0 native plugins for Editor in 0.00 ms.
Unloading 1152 Unused Serialized files (Serialized files now loaded: 0)
System memory in use before: 62.4 MB.
System memory in use after: 62.5 MB.

Unloading 5 unused Assets to reduce memory usage. Loaded Objects now: 1695.
Total: 2.681700 ms (FindLiveObjects: 0.251000 ms CreateObjectMapping: 0.115400 ms MarkObjects: 2.213000 ms  DeleteObjects: 0.101200 ms)

AssetImportParameters requested are different than current active one (requested -> active):
  custom:graphics/normal-map-encoding: 01000000000000000000000000000000 -> 02000000000000000000000000000000
========================================================================
Received Prepare
Registering precompiled user dll's ...
Registered in 0.000706 seconds.
Begin MonoManager ReloadAssembly
Native extension for WindowsStandalone target not found
Refreshing native plugins compatible for Editor in 0.22 ms, found 0 plugins.
Preloading 0 native plugins for Editor in 0.00 ms.
Invoked RoslynAnalysisRunner static constructor.
RoslynAnalysisRunner will not be running.
RoslynAnalysisRunner has terminated.
Mono: successfully reloaded assembly
- Completed reload, in  1.452 seconds
Platform modules already initialized, skipping
Switching build target platform(5) subTarget(0) extendedPlatform(0) -> platform(13) subTarget(537395200) extendedPlatform(0)
Refreshing native plugins compatible for Editor in 0.38 ms, found 0 plugins.
Preloading 0 native plugins for Editor in 0.00 ms.
Unloading 1152 Unused Serialized files (Serialized files now loaded: 0)
System memory in use before: 62.4 MB.
System memory in use after: 62.5 MB.

Unloading 5 unused Assets to reduce memory usage. Loaded Objects now: 1698.
Total: 2.993600 ms (FindLiveObjects: 0.393800 ms CreateObjectMapping: 0.073100 ms MarkObjects: 2.408400 ms  DeleteObjects: 0.116600 ms)

AssetImportParameters requested are different than current active one (requested -> active):
  custom:graphics/normal-map-encoding: 01000000000000000000000000000000 -> 02000000000000000000000000000000
========================================================================
Received Prepare
Registering precompiled user dll's ...
Registered in 0.000576 seconds.
Begin MonoManager ReloadAssembly
Native extension for WindowsStandalone target not found
Refreshing native plugins compatible for Editor in 0.24 ms, found 0 plugins.
Preloading 0 native plugins for Editor in 0.00 ms.
Invoked RoslynAnalysisRunner static constructor.
RoslynAnalysisRunner will not be running.
RoslynAnalysisRunner has terminated.
Mono: successfully reloaded assembly
- Completed reload, in  1.260 seconds
Platform modules already initialized, skipping
Switching build target platform(5) subTarget(0) extendedPlatform(0) -> platform(13) subTarget(537395200) extendedPlatform(0)
Refreshing native plugins compatible for Editor in 0.24 ms, found 0 plugins.
Preloading 0 native plugins for Editor in 0.00 ms.
Unloading 1152 Unused Serialized files (Serialized files now loaded: 0)
System memory in use before: 62.4 MB.
System memory in use after: 62.5 MB.

Unloading 5 unused Assets to reduce memory usage. Loaded Objects now: 1701.
Total: 3.352200 ms (FindLiveObjects: 0.455200 ms CreateObjectMapping: 0.212400 ms MarkObjects: 2.609600 ms  DeleteObjects: 0.073600 ms)

AssetImportParameters requested are different than current active one (requested -> active):
  custom:graphics/normal-map-encoding: 01000000000000000000000000000000 -> 02000000000000000000000000000000
========================================================================
Received Prepare
Registering precompiled user dll's ...
Registered in 0.000431 seconds.
Begin MonoManager ReloadAssembly
Native extension for WindowsStandalone target not found
Refreshing native plugins compatible for Editor in 0.32 ms, found 0 plugins.
Preloading 0 native plugins for Editor in 0.00 ms.
Invoked RoslynAnalysisRunner static constructor.
RoslynAnalysisRunner will not be running.
RoslynAnalysisRunner has terminated.
Mono: successfully reloaded assembly
- Completed reload, in  1.625 seconds
Platform modules already initialized, skipping
Switching build target platform(5) subTarget(0) extendedPlatform(0) -> platform(13) subTarget(537395200) extendedPlatform(0)
Refreshing native plugins compatible for Editor in 0.34 ms, found 0 plugins.
Preloading 0 native plugins for Editor in 0.00 ms.
Unloading 1152 Unused Serialized files (Serialized files now loaded: 0)
System memory in use before: 62.4 MB.
System memory in use after: 62.5 MB.

Unloading 5 unused Assets to reduce memory usage. Loaded Objects now: 1704.
Total: 2.525100 ms (FindLiveObjects: 0.204600 ms CreateObjectMapping: 0.064700 ms MarkObjects: 2.120300 ms  DeleteObjects: 0.107400 ms)

AssetImportParameters requested are different than current active one (requested -> active):
  custom:graphics/normal-map-encoding: 01000000000000000000000000000000 -> 02000000000000000000000000000000
========================================================================
Received Prepare
Registering precompiled user dll's ...
Registered in 0.000943 seconds.
Begin MonoManager ReloadAssembly
Native extension for WindowsStandalone target not found
Refreshing native plugins compatible for Editor in 0.30 ms, found 0 plugins.
Preloading 0 native plugins for Editor in 0.00 ms.
Invoked RoslynAnalysisRunner static constructor.
RoslynAnalysisRunner will not be running.
RoslynAnalysisRunner has terminated.
Mono: successfully reloaded assembly
- Completed reload, in  1.586 seconds
Platform modules already initialized, skipping
Switching build target platform(5) subTarget(0) extendedPlatform(0) -> platform(13) subTarget(537395200) extendedPlatform(0)
Refreshing native plugins compatible for Editor in 0.34 ms, found 0 plugins.
Preloading 0 native plugins for Editor in 0.00 ms.
Unloading 1152 Unused Serialized files (Serialized files now loaded: 0)
System memory in use before: 62.4 MB.
System memory in use after: 62.5 MB.

Unloading 5 unused Assets to reduce memory usage. Loaded Objects now: 1707.
Total: 3.064600 ms (FindLiveObjects: 0.259700 ms CreateObjectMapping: 0.153400 ms MarkObjects: 2.488900 ms  DeleteObjects: 0.161200 ms)

AssetImportParameters requested are different than current active one (requested -> active):
  custom:graphics/normal-map-encoding: 01000000000000000000000000000000 -> 02000000000000000000000000000000
========================================================================
Received Prepare
Registering precompiled user dll's ...
Registered in 0.000963 seconds.
Begin MonoManager ReloadAssembly
Native extension for WindowsStandalone target not found
Refreshing native plugins compatible for Editor in 0.29 ms, found 0 plugins.
Preloading 0 native plugins for Editor in 0.00 ms.
Invoked RoslynAnalysisRunner static constructor.
RoslynAnalysisRunner will not be running.
RoslynAnalysisRunner has terminated.
Mono: successfully reloaded assembly
- Completed reload, in  1.611 seconds
Platform modules already initialized, skipping
Switching build target platform(5) subTarget(0) extendedPlatform(0) -> platform(13) subTarget(537395200) extendedPlatform(0)
Refreshing native plugins compatible for Editor in 0.30 ms, found 0 plugins.
Preloading 0 native plugins for Editor in 0.00 ms.
Unloading 1152 Unused Serialized files (Serialized files now loaded: 0)
System memory in use before: 62.4 MB.
System memory in use after: 62.5 MB.

Unloading 5 unused Assets to reduce memory usage. Loaded Objects now: 1710.
Total: 3.526600 ms (FindLiveObjects: 0.281000 ms CreateObjectMapping: 0.173100 ms MarkObjects: 2.954400 ms  DeleteObjects: 0.092200 ms)

AssetImportParameters requested are different than current active one (requested -> active):
  custom:graphics/normal-map-encoding: 01000000000000000000000000000000 -> 02000000000000000000000000000000
========================================================================
Received Prepare
Refreshing native plugins compatible for Editor in 1.56 ms, found 0 plugins.
Preloading 0 native plugins for Editor in 0.00 ms.
Unloading 3 Unused Serialized files (Serialized files now loaded: 0)
System memory in use before: 39.9 MB.
System memory in use after: 40.0 MB.

Unloading 3 unused Assets to reduce memory usage. Loaded Objects now: 1710.
Total: 2.559900 ms (FindLiveObjects: 0.219100 ms CreateObjectMapping: 0.069200 ms MarkObjects: 2.194500 ms  DeleteObjects: 0.075500 ms)

========================================================================
Received Prepare
Registering precompiled user dll's ...
Registered in 0.000678 seconds.
Begin MonoManager ReloadAssembly
Native extension for WindowsStandalone target not found
Refreshing native plugins compatible for Editor in 0.22 ms, found 0 plugins.
Preloading 0 native plugins for Editor in 0.00 ms.
Invoked RoslynAnalysisRunner static constructor.
RoslynAnalysisRunner will not be running.
RoslynAnalysisRunner has terminated.
Mono: successfully reloaded assembly
- Completed reload, in  1.376 seconds
Platform modules already initialized, skipping
Switching build target platform(5) subTarget(0) extendedPlatform(0) -> platform(13) subTarget(537395200) extendedPlatform(0)
Refreshing native plugins compatible for Editor in 0.30 ms, found 0 plugins.
Preloading 0 native plugins for Editor in 0.00 ms.
Unloading 1152 Unused Serialized files (Serialized files now loaded: 0)
System memory in use before: 62.5 MB.
System memory in use after: 62.5 MB.

Unloading 5 unused Assets to reduce memory usage. Loaded Objects now: 1713.
Total: 2.398700 ms (FindLiveObjects: 0.224000 ms CreateObjectMapping: 0.098500 ms MarkObjects: 2.014900 ms  DeleteObjects: 0.060000 ms)

AssetImportParameters requested are different than current active one (requested -> active):
  custom:graphics/normal-map-encoding: 01000000000000000000000000000000 -> 02000000000000000000000000000000
========================================================================
Received Prepare
Registering precompiled user dll's ...
Registered in 0.001061 seconds.
Begin MonoManager ReloadAssembly
Native extension for WindowsStandalone target not found
Refreshing native plugins compatible for Editor in 0.35 ms, found 0 plugins.
Preloading 0 native plugins for Editor in 0.00 ms.
Invoked RoslynAnalysisRunner static constructor.
RoslynAnalysisRunner will not be running.
RoslynAnalysisRunner has terminated.
Mono: successfully reloaded assembly
- Completed reload, in  1.863 seconds
Platform modules already initialized, skipping
Switching build target platform(5) subTarget(0) extendedPlatform(0) -> platform(13) subTarget(537395200) extendedPlatform(0)
Refreshing native plugins compatible for Editor in 0.33 ms, found 0 plugins.
Preloading 0 native plugins for Editor in 0.00 ms.
Unloading 1152 Unused Serialized files (Serialized files now loaded: 0)
System memory in use before: 62.5 MB.
System memory in use after: 62.5 MB.

Unloading 5 unused Assets to reduce memory usage. Loaded Objects now: 1716.
Total: 3.325600 ms (FindLiveObjects: 0.270700 ms CreateObjectMapping: 0.120400 ms MarkObjects: 2.849300 ms  DeleteObjects: 0.083400 ms)

AssetImportParameters requested are different than current active one (requested -> active):
  custom:graphics/normal-map-encoding: 01000000000000000000000000000000 -> 02000000000000000000000000000000
========================================================================
Received Prepare
Registering precompiled user dll's ...
Registered in 0.000956 seconds.
Begin MonoManager ReloadAssembly
Native extension for WindowsStandalone target not found
Refreshing native plugins compatible for Editor in 0.20 ms, found 0 plugins.
Preloading 0 native plugins for Editor in 0.00 ms.
Invoked RoslynAnalysisRunner static constructor.
RoslynAnalysisRunner will not be running.
RoslynAnalysisRunner has terminated.
Mono: successfully reloaded assembly
- Completed reload, in  1.372 seconds
Platform modules already initialized, skipping
Switching build target platform(5) subTarget(0) extendedPlatform(0) -> platform(13) subTarget(537395200) extendedPlatform(0)
Refreshing native plugins compatible for Editor in 0.42 ms, found 0 plugins.
Preloading 0 native plugins for Editor in 0.00 ms.
Unloading 1152 Unused Serialized files (Serialized files now loaded: 0)
System memory in use before: 62.5 MB.
System memory in use after: 62.5 MB.

Unloading 5 unused Assets to reduce memory usage. Loaded Objects now: 1719.
Total: 3.272000 ms (FindLiveObjects: 0.453600 ms CreateObjectMapping: 0.155100 ms MarkObjects: 2.538800 ms  DeleteObjects: 0.122300 ms)

AssetImportParameters requested are different than current active one (requested -> active):
  custom:graphics/normal-map-encoding: 01000000000000000000000000000000 -> 02000000000000000000000000000000
========================================================================
Received Prepare
Registering precompiled user dll's ...
Registered in 0.000739 seconds.
Begin MonoManager ReloadAssembly
Native extension for WindowsStandalone target not found
Refreshing native plugins compatible for Editor in 0.33 ms, found 0 plugins.
Preloading 0 native plugins for Editor in 0.00 ms.
Invoked RoslynAnalysisRunner static constructor.
RoslynAnalysisRunner will not be running.
RoslynAnalysisRunner has terminated.
Mono: successfully reloaded assembly
- Completed reload, in  1.783 seconds
Platform modules already initialized, skipping
Switching build target platform(5) subTarget(0) extendedPlatform(0) -> platform(13) subTarget(537395200) extendedPlatform(0)
Refreshing native plugins compatible for Editor in 0.41 ms, found 0 plugins.
Preloading 0 native plugins for Editor in 0.00 ms.
Unloading 1152 Unused Serialized files (Serialized files now loaded: 0)
System memory in use before: 62.5 MB.
System memory in use after: 62.5 MB.

Unloading 5 unused Assets to reduce memory usage. Loaded Objects now: 1722.
Total: 3.192000 ms (FindLiveObjects: 0.199300 ms CreateObjectMapping: 0.048600 ms MarkObjects: 2.834800 ms  DeleteObjects: 0.108000 ms)

AssetImportParameters requested are different than current active one (requested -> active):
  custom:graphics/normal-map-encoding: 01000000000000000000000000000000 -> 02000000000000000000000000000000
========================================================================
Received Prepare
Registering precompiled user dll's ...
Registered in 0.000757 seconds.
Begin MonoManager ReloadAssembly
Native extension for WindowsStandalone target not found
Refreshing native plugins compatible for Editor in 0.29 ms, found 0 plugins.
Preloading 0 native plugins for Editor in 0.00 ms.
Invoked RoslynAnalysisRunner static constructor.
RoslynAnalysisRunner will not be running.
RoslynAnalysisRunner has terminated.
Mono: successfully reloaded assembly
- Completed reload, in  1.381 seconds
Platform modules already initialized, skipping
Switching build target platform(5) subTarget(0) extendedPlatform(0) -> platform(13) subTarget(537395200) extendedPlatform(0)
Refreshing native plugins compatible for Editor in 0.23 ms, found 0 plugins.
Preloading 0 native plugins for Editor in 0.00 ms.
Unloading 1152 Unused Serialized files (Serialized files now loaded: 0)
System memory in use before: 62.5 MB.
System memory in use after: 62.6 MB.

Unloading 5 unused Assets to reduce memory usage. Loaded Objects now: 1725.
Total: 2.343700 ms (FindLiveObjects: 0.323600 ms CreateObjectMapping: 0.160600 ms MarkObjects: 1.711500 ms  DeleteObjects: 0.124200 ms)

AssetImportParameters requested are different than current active one (requested -> active):
  custom:graphics/normal-map-encoding: 01000000000000000000000000000000 -> 02000000000000000000000000000000
========================================================================
Received Prepare
Registering precompiled user dll's ...
Registered in 0.000429 seconds.
Begin MonoManager ReloadAssembly
Native extension for WindowsStandalone target not found
Refreshing native plugins compatible for Editor in 0.21 ms, found 0 plugins.
Preloading 0 native plugins for Editor in 0.00 ms.
Invoked RoslynAnalysisRunner static constructor.
RoslynAnalysisRunner will not be running.
RoslynAnalysisRunner has terminated.
Mono: successfully reloaded assembly
- Completed reload, in  1.357 seconds
Platform modules already initialized, skipping
Switching build target platform(5) subTarget(0) extendedPlatform(0) -> platform(13) subTarget(537395200) extendedPlatform(0)
Refreshing native plugins compatible for Editor in 0.21 ms, found 0 plugins.
Preloading 0 native plugins for Editor in 0.00 ms.
Unloading 1152 Unused Serialized files (Serialized files now loaded: 0)
System memory in use before: 62.5 MB.
System memory in use after: 62.6 MB.

Unloading 5 unused Assets to reduce memory usage. Loaded Objects now: 1728.
Total: 2.478800 ms (FindLiveObjects: 0.351600 ms CreateObjectMapping: 0.050000 ms MarkObjects: 1.984500 ms  DeleteObjects: 0.091500 ms)

AssetImportParameters requested are different than current active one (requested -> active):
  custom:graphics/normal-map-encoding: 01000000000000000000000000000000 -> 02000000000000000000000000000000
========================================================================
Received Prepare
Registering precompiled user dll's ...
Registered in 0.000562 seconds.
Begin MonoManager ReloadAssembly
Native extension for WindowsStandalone target not found
Refreshing native plugins compatible for Editor in 0.23 ms, found 0 plugins.
Preloading 0 native plugins for Editor in 0.00 ms.
Invoked RoslynAnalysisRunner static constructor.
RoslynAnalysisRunner will not be running.
RoslynAnalysisRunner has terminated.
Mono: successfully reloaded assembly
- Completed reload, in  1.359 seconds
Platform modules already initialized, skipping
Switching build target platform(5) subTarget(0) extendedPlatform(0) -> platform(13) subTarget(537395200) extendedPlatform(0)
Refreshing native plugins compatible for Editor in 0.21 ms, found 0 plugins.
Preloading 0 native plugins for Editor in 0.00 ms.
Unloading 1152 Unused Serialized files (Serialized files now loaded: 0)
System memory in use before: 62.5 MB.
System memory in use after: 62.6 MB.

Unloading 5 unused Assets to reduce memory usage. Loaded Objects now: 1731.
Total: 2.643400 ms (FindLiveObjects: 0.308000 ms CreateObjectMapping: 0.049400 ms MarkObjects: 2.190400 ms  DeleteObjects: 0.094500 ms)

AssetImportParameters requested are different than current active one (requested -> active):
  custom:graphics/normal-map-encoding: 01000000000000000000000000000000 -> 02000000000000000000000000000000
========================================================================
Received Prepare
Registering precompiled user dll's ...
Registered in 0.000468 seconds.
Begin MonoManager ReloadAssembly
Native extension for WindowsStandalone target not found
Refreshing native plugins compatible for Editor in 0.40 ms, found 0 plugins.
Preloading 0 native plugins for Editor in 0.00 ms.
Invoked RoslynAnalysisRunner static constructor.
RoslynAnalysisRunner will not be running.
RoslynAnalysisRunner has terminated.
Mono: successfully reloaded assembly
- Completed reload, in  1.434 seconds
Platform modules already initialized, skipping
Switching build target platform(5) subTarget(0) extendedPlatform(0) -> platform(13) subTarget(537395200) extendedPlatform(0)
Refreshing native plugins compatible for Editor in 0.34 ms, found 0 plugins.
Preloading 0 native plugins for Editor in 0.00 ms.
Unloading 1152 Unused Serialized files (Serialized files now loaded: 0)
System memory in use before: 62.5 MB.
System memory in use after: 62.6 MB.

Unloading 5 unused Assets to reduce memory usage. Loaded Objects now: 1734.
Total: 3.489700 ms (FindLiveObjects: 0.248500 ms CreateObjectMapping: 0.048200 ms MarkObjects: 3.059200 ms  DeleteObjects: 0.128300 ms)

AssetImportParameters requested are different than current active one (requested -> active):
  custom:graphics/normal-map-encoding: 01000000000000000000000000000000 -> 02000000000000000000000000000000
========================================================================
Received Prepare
Registering precompiled user dll's ...
Registered in 0.000829 seconds.
Begin MonoManager ReloadAssembly
Native extension for WindowsStandalone target not found
Refreshing native plugins compatible for Editor in 0.35 ms, found 0 plugins.
Preloading 0 native plugins for Editor in 0.00 ms.
Invoked RoslynAnalysisRunner static constructor.
RoslynAnalysisRunner will not be running.
RoslynAnalysisRunner has terminated.
Mono: successfully reloaded assembly
- Completed reload, in  1.507 seconds
Platform modules already initialized, skipping
Switching build target platform(5) subTarget(0) extendedPlatform(0) -> platform(13) subTarget(537395200) extendedPlatform(0)
Refreshing native plugins compatible for Editor in 0.30 ms, found 0 plugins.
Preloading 0 native plugins for Editor in 0.00 ms.
Unloading 1152 Unused Serialized files (Serialized files now loaded: 0)
System memory in use before: 62.5 MB.
System memory in use after: 62.6 MB.

Unloading 5 unused Assets to reduce memory usage. Loaded Objects now: 1737.
Total: 3.279200 ms (FindLiveObjects: 0.248800 ms CreateObjectMapping: 0.052900 ms MarkObjects: 2.855300 ms  DeleteObjects: 0.119000 ms)

AssetImportParameters requested are different than current active one (requested -> active):
  custom:graphics/normal-map-encoding: 01000000000000000000000000000000 -> 02000000000000000000000000000000
========================================================================
Received Prepare
Registering precompiled user dll's ...
Registered in 0.001056 seconds.
Begin MonoManager ReloadAssembly
Native extension for WindowsStandalone target not found
Refreshing native plugins compatible for Editor in 0.22 ms, found 0 plugins.
Preloading 0 native plugins for Editor in 0.00 ms.
Invoked RoslynAnalysisRunner static constructor.
RoslynAnalysisRunner will not be running.
RoslynAnalysisRunner has terminated.
Mono: successfully reloaded assembly
- Completed reload, in  1.690 seconds
Platform modules already initialized, skipping
Switching build target platform(5) subTarget(0) extendedPlatform(0) -> platform(13) subTarget(537395200) extendedPlatform(0)
Refreshing native plugins compatible for Editor in 0.30 ms, found 0 plugins.
Preloading 0 native plugins for Editor in 0.00 ms.
Unloading 1152 Unused Serialized files (Serialized files now loaded: 0)
System memory in use before: 62.5 MB.
System memory in use after: 62.6 MB.

Unloading 5 unused Assets to reduce memory usage. Loaded Objects now: 1740.
Total: 2.529300 ms (FindLiveObjects: 0.236500 ms CreateObjectMapping: 0.066000 ms MarkObjects: 2.102900 ms  DeleteObjects: 0.122500 ms)

AssetImportParameters requested are different than current active one (requested -> active):
  custom:graphics/normal-map-encoding: 01000000000000000000000000000000 -> 02000000000000000000000000000000
========================================================================
Received Prepare
Registering precompiled user dll's ...
Registered in 0.000819 seconds.
Begin MonoManager ReloadAssembly
Native extension for WindowsStandalone target not found
Refreshing native plugins compatible for Editor in 0.27 ms, found 0 plugins.
Preloading 0 native plugins for Editor in 0.00 ms.
Invoked RoslynAnalysisRunner static constructor.
RoslynAnalysisRunner will not be running.
RoslynAnalysisRunner has terminated.
Mono: successfully reloaded assembly
- Completed reload, in  1.623 seconds
Platform modules already initialized, skipping
Switching build target platform(5) subTarget(0) extendedPlatform(0) -> platform(13) subTarget(537395200) extendedPlatform(0)
Refreshing native plugins compatible for Editor in 0.45 ms, found 0 plugins.
Preloading 0 native plugins for Editor in 0.00 ms.
Unloading 1152 Unused Serialized files (Serialized files now loaded: 0)
System memory in use before: 62.5 MB.
System memory in use after: 62.6 MB.

Unloading 5 unused Assets to reduce memory usage. Loaded Objects now: 1743.
Total: 2.440300 ms (FindLiveObjects: 0.328100 ms CreateObjectMapping: 0.064100 ms MarkObjects: 1.952200 ms  DeleteObjects: 0.094600 ms)

AssetImportParameters requested are different than current active one (requested -> active):
  custom:graphics/normal-map-encoding: 01000000000000000000000000000000 -> 02000000000000000000000000000000
========================================================================
Received Prepare
Registering precompiled user dll's ...
Registered in 0.000879 seconds.
Begin MonoManager ReloadAssembly
Native extension for WindowsStandalone target not found
Refreshing native plugins compatible for Editor in 0.36 ms, found 0 plugins.
Preloading 0 native plugins for Editor in 0.00 ms.
Invoked RoslynAnalysisRunner static constructor.
RoslynAnalysisRunner will not be running.
RoslynAnalysisRunner has terminated.
Mono: successfully reloaded assembly
- Completed reload, in  1.735 seconds
Platform modules already initialized, skipping
Switching build target platform(5) subTarget(0) extendedPlatform(0) -> platform(13) subTarget(537395200) extendedPlatform(0)
Refreshing native plugins compatible for Editor in 0.30 ms, found 0 plugins.
Preloading 0 native plugins for Editor in 0.00 ms.
Unloading 1152 Unused Serialized files (Serialized files now loaded: 0)
System memory in use before: 62.5 MB.
System memory in use after: 62.6 MB.

Unloading 5 unused Assets to reduce memory usage. Loaded Objects now: 1746.
Total: 2.818500 ms (FindLiveObjects: 0.178700 ms CreateObjectMapping: 0.049500 ms MarkObjects: 2.475900 ms  DeleteObjects: 0.112600 ms)

AssetImportParameters requested are different than current active one (requested -> active):
  custom:graphics/normal-map-encoding: 01000000000000000000000000000000 -> 02000000000000000000000000000000
========================================================================
Received Prepare
Registering precompiled user dll's ...
Registered in 0.000458 seconds.
Begin MonoManager ReloadAssembly
Native extension for WindowsStandalone target not found
Refreshing native plugins compatible for Editor in 0.25 ms, found 0 plugins.
Preloading 0 native plugins for Editor in 0.00 ms.
Invoked RoslynAnalysisRunner static constructor.
RoslynAnalysisRunner will not be running.
RoslynAnalysisRunner has terminated.
Mono: successfully reloaded assembly
- Completed reload, in  1.557 seconds
Platform modules already initialized, skipping
Switching build target platform(5) subTarget(0) extendedPlatform(0) -> platform(13) subTarget(537395200) extendedPlatform(0)
Refreshing native plugins compatible for Editor in 0.34 ms, found 0 plugins.
Preloading 0 native plugins for Editor in 0.00 ms.
Unloading 1152 Unused Serialized files (Serialized files now loaded: 0)
System memory in use before: 62.5 MB.
System memory in use after: 62.6 MB.

Unloading 5 unused Assets to reduce memory usage. Loaded Objects now: 1749.
Total: 2.926500 ms (FindLiveObjects: 0.263700 ms CreateObjectMapping: 0.065700 ms MarkObjects: 2.513200 ms  DeleteObjects: 0.082500 ms)

AssetImportParameters requested are different than current active one (requested -> active):
  custom:graphics/normal-map-encoding: 01000000000000000000000000000000 -> 02000000000000000000000000000000
========================================================================
Received Prepare
Registering precompiled user dll's ...
Registered in 0.001040 seconds.
Begin MonoManager ReloadAssembly
Native extension for WindowsStandalone target not found
Refreshing native plugins compatible for Editor in 0.33 ms, found 0 plugins.
Preloading 0 native plugins for Editor in 0.00 ms.
Invoked RoslynAnalysisRunner static constructor.
RoslynAnalysisRunner will not be running.
RoslynAnalysisRunner has terminated.
Mono: successfully reloaded assembly
- Completed reload, in  1.866 seconds
Platform modules already initialized, skipping
Switching build target platform(5) subTarget(0) extendedPlatform(0) -> platform(13) subTarget(537395200) extendedPlatform(0)
Refreshing native plugins compatible for Editor in 0.38 ms, found 0 plugins.
Preloading 0 native plugins for Editor in 0.00 ms.
Unloading 1152 Unused Serialized files (Serialized files now loaded: 0)
System memory in use before: 62.5 MB.
System memory in use after: 62.6 MB.

Unloading 5 unused Assets to reduce memory usage. Loaded Objects now: 1752.
Total: 2.565000 ms (FindLiveObjects: 0.245500 ms CreateObjectMapping: 0.073400 ms MarkObjects: 2.168900 ms  DeleteObjects: 0.075700 ms)

AssetImportParameters requested are different than current active one (requested -> active):
  custom:graphics/normal-map-encoding: 01000000000000000000000000000000 -> 02000000000000000000000000000000
========================================================================
Received Prepare
Registering precompiled user dll's ...
Registered in 0.001590 seconds.
Begin MonoManager ReloadAssembly
Native extension for WindowsStandalone target not found
Refreshing native plugins compatible for Editor in 0.34 ms, found 0 plugins.
Preloading 0 native plugins for Editor in 0.00 ms.
Invoked RoslynAnalysisRunner static constructor.
RoslynAnalysisRunner will not be running.
RoslynAnalysisRunner has terminated.
Mono: successfully reloaded assembly
- Completed reload, in  1.916 seconds
Platform modules already initialized, skipping
Switching build target platform(5) subTarget(0) extendedPlatform(0) -> platform(13) subTarget(537395200) extendedPlatform(0)
Refreshing native plugins compatible for Editor in 0.29 ms, found 0 plugins.
Preloading 0 native plugins for Editor in 0.00 ms.
Unloading 1152 Unused Serialized files (Serialized files now loaded: 0)
System memory in use before: 62.5 MB.
System memory in use after: 62.6 MB.

Unloading 5 unused Assets to reduce memory usage. Loaded Objects now: 1755.
Total: 2.655600 ms (FindLiveObjects: 0.386200 ms CreateObjectMapping: 0.061500 ms MarkObjects: 2.126000 ms  DeleteObjects: 0.080200 ms)

AssetImportParameters requested are different than current active one (requested -> active):
  custom:graphics/normal-map-encoding: 01000000000000000000000000000000 -> 02000000000000000000000000000000
========================================================================
Received Prepare
Registering precompiled user dll's ...
Registered in 0.000692 seconds.
Begin MonoManager ReloadAssembly
Native extension for WindowsStandalone target not found
Refreshing native plugins compatible for Editor in 0.33 ms, found 0 plugins.
Preloading 0 native plugins for Editor in 0.00 ms.
Invoked RoslynAnalysisRunner static constructor.
RoslynAnalysisRunner will not be running.
RoslynAnalysisRunner has terminated.
Mono: successfully reloaded assembly
- Completed reload, in  1.678 seconds
Platform modules already initialized, skipping
Switching build target platform(5) subTarget(0) extendedPlatform(0) -> platform(13) subTarget(537395200) extendedPlatform(0)
Refreshing native plugins compatible for Editor in 0.24 ms, found 0 plugins.
Preloading 0 native plugins for Editor in 0.00 ms.
Unloading 1152 Unused Serialized files (Serialized files now loaded: 0)
System memory in use before: 62.5 MB.
System memory in use after: 62.6 MB.

Unloading 5 unused Assets to reduce memory usage. Loaded Objects now: 1758.
Total: 2.584600 ms (FindLiveObjects: 0.409000 ms CreateObjectMapping: 0.143900 ms MarkObjects: 1.976500 ms  DeleteObjects: 0.053600 ms)

AssetImportParameters requested are different than current active one (requested -> active):
  custom:graphics/normal-map-encoding: 01000000000000000000000000000000 -> 02000000000000000000000000000000
========================================================================
Received Prepare
Registering precompiled user dll's ...
Registered in 0.075886 seconds.
Begin MonoManager ReloadAssembly
Native extension for WindowsStandalone target not found
Refreshing native plugins compatible for Editor in 0.27 ms, found 0 plugins.
Preloading 0 native plugins for Editor in 0.00 ms.
Invoked RoslynAnalysisRunner static constructor.
RoslynAnalysisRunner will not be running.
RoslynAnalysisRunner has terminated.
Mono: successfully reloaded assembly
- Completed reload, in  6.337 seconds
Platform modules already initialized, skipping
Switching build target platform(5) subTarget(0) extendedPlatform(0) -> platform(13) subTarget(537395200) extendedPlatform(0)
Refreshing native plugins compatible for Editor in 0.54 ms, found 0 plugins.
Preloading 0 native plugins for Editor in 0.00 ms.
Unloading 1152 Unused Serialized files (Serialized files now loaded: 0)
System memory in use before: 62.5 MB.
System memory in use after: 62.6 MB.

Unloading 5 unused Assets to reduce memory usage. Loaded Objects now: 1761.
Total: 2.590300 ms (FindLiveObjects: 0.310500 ms CreateObjectMapping: 0.059300 ms MarkObjects: 2.140700 ms  DeleteObjects: 0.078400 ms)

AssetImportParameters requested are different than current active one (requested -> active):
  custom:graphics/normal-map-encoding: 01000000000000000000000000000000 -> 02000000000000000000000000000000
========================================================================
Received Prepare
Registering precompiled user dll's ...
Registered in 0.002677 seconds.
Begin MonoManager ReloadAssembly
Native extension for WindowsStandalone target not found
Refreshing native plugins compatible for Editor in 0.39 ms, found 0 plugins.
Preloading 0 native plugins for Editor in 0.00 ms.
Invoked RoslynAnalysisRunner static constructor.
RoslynAnalysisRunner will not be running.
RoslynAnalysisRunner has terminated.
Mono: successfully reloaded assembly
- Completed reload, in  2.568 seconds
Platform modules already initialized, skipping
Switching build target platform(5) subTarget(0) extendedPlatform(0) -> platform(13) subTarget(537395200) extendedPlatform(0)
Refreshing native plugins compatible for Editor in 0.80 ms, found 0 plugins.
Preloading 0 native plugins for Editor in 0.00 ms.
Unloading 1152 Unused Serialized files (Serialized files now loaded: 0)
System memory in use before: 62.5 MB.
System memory in use after: 62.6 MB.

Unloading 5 unused Assets to reduce memory usage. Loaded Objects now: 1764.
Total: 4.769100 ms (FindLiveObjects: 0.751800 ms CreateObjectMapping: 0.176200 ms MarkObjects: 3.658200 ms  DeleteObjects: 0.178000 ms)

AssetImportParameters requested are different than current active one (requested -> active):
  custom:graphics/normal-map-encoding: 01000000000000000000000000000000 -> 02000000000000000000000000000000
========================================================================
Received Prepare
Registering precompiled user dll's ...
Registered in 0.000483 seconds.
Begin MonoManager ReloadAssembly
Native extension for WindowsStandalone target not found
Refreshing native plugins compatible for Editor in 0.18 ms, found 0 plugins.
Preloading 0 native plugins for Editor in 0.00 ms.
Invoked RoslynAnalysisRunner static constructor.
RoslynAnalysisRunner will not be running.
RoslynAnalysisRunner has terminated.
Mono: successfully reloaded assembly
- Completed reload, in  0.986 seconds
Platform modules already initialized, skipping
Switching build target platform(5) subTarget(0) extendedPlatform(0) -> platform(13) subTarget(537395200) extendedPlatform(0)
Refreshing native plugins compatible for Editor in 0.19 ms, found 0 plugins.
Preloading 0 native plugins for Editor in 0.00 ms.
Unloading 1152 Unused Serialized files (Serialized files now loaded: 0)
System memory in use before: 62.6 MB.
System memory in use after: 62.6 MB.

Unloading 5 unused Assets to reduce memory usage. Loaded Objects now: 1767.
Total: 1.806100 ms (FindLiveObjects: 0.154300 ms CreateObjectMapping: 0.032400 ms MarkObjects: 1.465300 ms  DeleteObjects: 0.153200 ms)

AssetImportParameters requested are different than current active one (requested -> active):
  custom:graphics/normal-map-encoding: 01000000000000000000000000000000 -> 02000000000000000000000000000000
========================================================================
Received Import Request.
  Time since last request: 20824.262113 seconds.
  path: Assets/Prefabs/towerPiece.fbx
  artifactKey: Guid(c08cb900e86efb84b83d4cd579521800) Importer(815301076,1909f56bfc062723c751e8b465ee728b)
Start importing Assets/Prefabs/towerPiece.fbx using Guid(c08cb900e86efb84b83d4cd579521800) Importer(815301076,1909f56bfc062723c751e8b465ee728b)  -> (artifact id: 'd40d4902cc19c044a7265678198ae718') in 0.215081 seconds
  Import took 0.218873 seconds .

========================================================================
Received Import Request.
  Time since last request: 36.226560 seconds.
  path: Assets/Material/towerPiece.mat
  artifactKey: Guid(95053d4f737e1e14ebe3cd51eda994cc) Importer(815301076,1909f56bfc062723c751e8b465ee728b)
Start importing Assets/Material/towerPiece.mat using Guid(95053d4f737e1e14ebe3cd51eda994cc) Importer(815301076,1909f56bfc062723c751e8b465ee728b)  -> (artifact id: 'ef0518f5ac4deb28215038246953a464') in 0.033883 seconds
  Import took 0.037130 seconds .

========================================================================
Received Import Request.
  Time since last request: 164.138641 seconds.
  path: Assets/Prefabs/towerPiece.prefab
  artifactKey: Guid(380c0b5a77fb32141aeefb554d71b082) Importer(815301076,1909f56bfc062723c751e8b465ee728b)
Start importing Assets/Prefabs/towerPiece.prefab using Guid(380c0b5a77fb32141aeefb554d71b082) Importer(815301076,1909f56bfc062723c751e8b465ee728b)  -> (artifact id: '8cb0c878d8260dacfe693d91adda66d1') in 0.015711 seconds
  Import took 0.018682 seconds .

========================================================================
Received Import Request.
  Time since last request: 0.014685 seconds.
  path: Assets/Prefabs/towerPiece.prefab
  artifactKey: Guid(380c0b5a77fb32141aeefb554d71b082) Importer(815301076,1909f56bfc062723c751e8b465ee728b)
Start importing Assets/Prefabs/towerPiece.prefab using Guid(380c0b5a77fb32141aeefb554d71b082) Importer(815301076,1909f56bfc062723c751e8b465ee728b)  -> (artifact id: '8cb0c878d8260dacfe693d91adda66d1') in 0.010209 seconds
  Import took 0.012359 seconds .

========================================================================
Received Import Request.
  Time since last request: 9.927794 seconds.
  path: Assets/Prefabs/Scored.prefab
  artifactKey: Guid(3f31f46825e37b142ad898d9cfbafbe9) Importer(815301076,1909f56bfc062723c751e8b465ee728b)
Start importing Assets/Prefabs/Scored.prefab using Guid(3f31f46825e37b142ad898d9cfbafbe9) Importer(815301076,1909f56bfc062723c751e8b465ee728b)  -> (artifact id: '87f5f1af7473edd440c81a32c866be2f') in 0.036182 seconds
  Import took 0.041238 seconds .

========================================================================
Received Import Request.
  Time since last request: 53.220501 seconds.
  path: Assets/Prefabs/towerPiece.fbx
  artifactKey: Guid(c08cb900e86efb84b83d4cd579521800) Importer(815301076,1909f56bfc062723c751e8b465ee728b)
Start importing Assets/Prefabs/towerPiece.fbx using Guid(c08cb900e86efb84b83d4cd579521800) Importer(815301076,1909f56bfc062723c751e8b465ee728b)  -> (artifact id: 'ed4737cf7e89fb385f4f631d4540a81a') in 0.026433 seconds
  Import took 0.030435 seconds .

========================================================================
Received Import Request.
  Time since last request: 12.229848 seconds.
  path: Assets/Prefabs/towerPiece.fbx
  artifactKey: Guid(c08cb900e86efb84b83d4cd579521800) Importer(815301076,1909f56bfc062723c751e8b465ee728b)
Start importing Assets/Prefabs/towerPiece.fbx using Guid(c08cb900e86efb84b83d4cd579521800) Importer(815301076,1909f56bfc062723c751e8b465ee728b)  -> (artifact id: 'd156ac5f27ee6ace531b3f7168b24d70') in 0.023609 seconds
  Import took 0.027801 seconds .

========================================================================
Received Import Request.
  Time since last request: 16.990166 seconds.
  path: Assets/Prefabs/Scored.prefab
  artifactKey: Guid(3f31f46825e37b142ad898d9cfbafbe9) Importer(815301076,1909f56bfc062723c751e8b465ee728b)
Start importing Assets/Prefabs/Scored.prefab using Guid(3f31f46825e37b142ad898d9cfbafbe9) Importer(815301076,1909f56bfc062723c751e8b465ee728b)  -> (artifact id: '043bb877180a67920164e435ac5db7f0') in 0.029392 seconds
  Import took 0.033377 seconds .

========================================================================
Received Import Request.
  Time since last request: 8.945927 seconds.
  path: Assets/Prefabs/Scored.prefab
  artifactKey: Guid(3f31f46825e37b142ad898d9cfbafbe9) Importer(815301076,1909f56bfc062723c751e8b465ee728b)
Start importing Assets/Prefabs/Scored.prefab using Guid(3f31f46825e37b142ad898d9cfbafbe9) Importer(815301076,1909f56bfc062723c751e8b465ee728b)  -> (artifact id: 'b8655d4443a7f126ed4ac152b9b80668') in 0.017077 seconds
  Import took 0.021306 seconds .

========================================================================
Received Import Request.
  Time since last request: 22.193646 seconds.
  path: Assets/Prefabs/Scored.prefab
  artifactKey: Guid(3f31f46825e37b142ad898d9cfbafbe9) Importer(815301076,1909f56bfc062723c751e8b465ee728b)
Start importing Assets/Prefabs/Scored.prefab using Guid(3f31f46825e37b142ad898d9cfbafbe9) Importer(815301076,1909f56bfc062723c751e8b465ee728b)  -> (artifact id: 'f067b2813f45d875054f9dcfce97627a') in 0.033048 seconds
  Import took 0.037189 seconds .

========================================================================
Received Import Request.
  Time since last request: 5.530575 seconds.
  path: Assets/Prefabs/Scored.prefab
  artifactKey: Guid(3f31f46825e37b142ad898d9cfbafbe9) Importer(815301076,1909f56bfc062723c751e8b465ee728b)
Start importing Assets/Prefabs/Scored.prefab using Guid(3f31f46825e37b142ad898d9cfbafbe9) Importer(815301076,1909f56bfc062723c751e8b465ee728b)  -> (artifact id: 'c22e2e7e71a1cce2b65da25267276af0') in 0.027578 seconds
  Import took 0.031648 seconds .

========================================================================
Received Import Request.
  Time since last request: 2.060962 seconds.
  path: Assets/Prefabs/Scored.prefab
  artifactKey: Guid(3f31f46825e37b142ad898d9cfbafbe9) Importer(815301076,1909f56bfc062723c751e8b465ee728b)
Start importing Assets/Prefabs/Scored.prefab using Guid(3f31f46825e37b142ad898d9cfbafbe9) Importer(815301076,1909f56bfc062723c751e8b465ee728b)  -> (artifact id: '83148a591e84ae9a3ef155a2f176e13e') in 0.034151 seconds
  Import took 0.038803 seconds .

========================================================================
Received Import Request.
  Time since last request: 70.396485 seconds.
  path: Assets/Prefabs/Scored.prefab
  artifactKey: Guid(3f31f46825e37b142ad898d9cfbafbe9) Importer(815301076,1909f56bfc062723c751e8b465ee728b)
Start importing Assets/Prefabs/Scored.prefab using Guid(3f31f46825e37b142ad898d9cfbafbe9) Importer(815301076,1909f56bfc062723c751e8b465ee728b)  -> (artifact id: '7ce9ae78f0ea6618172365f62ba270bc') in 0.031945 seconds
  Import took 0.036750 seconds .

========================================================================
Received Import Request.
  Time since last request: 2.979906 seconds.
  path: Assets/Prefabs/Scored.prefab
  artifactKey: Guid(3f31f46825e37b142ad898d9cfbafbe9) Importer(815301076,1909f56bfc062723c751e8b465ee728b)
Start importing Assets/Prefabs/Scored.prefab using Guid(3f31f46825e37b142ad898d9cfbafbe9) Importer(815301076,1909f56bfc062723c751e8b465ee728b)  -> (artifact id: 'ccd38afc3523c98468f0a52194e11bc7') in 0.015524 seconds
  Import took 0.018772 seconds .

========================================================================
Received Import Request.
  Time since last request: 16.017944 seconds.
  path: Assets/Prefabs/Scored.prefab
  artifactKey: Guid(3f31f46825e37b142ad898d9cfbafbe9) Importer(815301076,1909f56bfc062723c751e8b465ee728b)
Start importing Assets/Prefabs/Scored.prefab using Guid(3f31f46825e37b142ad898d9cfbafbe9) Importer(815301076,1909f56bfc062723c751e8b465ee728b)  -> (artifact id: 'e6faf5739c9cf1fed82677b582d5facc') in 0.015399 seconds
  Import took 0.018172 seconds .

========================================================================
Received Import Request.
  Time since last request: 16.828837 seconds.
  path: Assets/Prefabs/Scored.prefab
  artifactKey: Guid(3f31f46825e37b142ad898d9cfbafbe9) Importer(815301076,1909f56bfc062723c751e8b465ee728b)
Start importing Assets/Prefabs/Scored.prefab using Guid(3f31f46825e37b142ad898d9cfbafbe9) Importer(815301076,1909f56bfc062723c751e8b465ee728b)  -> (artifact id: 'cd47dd0428b0fc36e46b26edb9000748') in 0.028873 seconds
  Import took 0.033495 seconds .

========================================================================
Received Import Request.
  Time since last request: 3.490008 seconds.
  path: Assets/Prefabs/Scored.prefab
  artifactKey: Guid(3f31f46825e37b142ad898d9cfbafbe9) Importer(815301076,1909f56bfc062723c751e8b465ee728b)
Start importing Assets/Prefabs/Scored.prefab using Guid(3f31f46825e37b142ad898d9cfbafbe9) Importer(815301076,1909f56bfc062723c751e8b465ee728b)  -> (artifact id: 'ca2bcac5bd29b03b34cb74f04d776908') in 0.019200 seconds
  Import took 0.023164 seconds .

========================================================================
Received Import Request.
  Time since last request: 20.993080 seconds.
  path: Assets/Prefabs/Scored.prefab
  artifactKey: Guid(3f31f46825e37b142ad898d9cfbafbe9) Importer(815301076,1909f56bfc062723c751e8b465ee728b)
Start importing Assets/Prefabs/Scored.prefab using Guid(3f31f46825e37b142ad898d9cfbafbe9) Importer(815301076,1909f56bfc062723c751e8b465ee728b)  -> (artifact id: '8720c30bc1325e70a83976904b11b20e') in 0.018859 seconds
  Import took 0.021401 seconds .

========================================================================
Received Import Request.
  Time since last request: 10.150073 seconds.
  path: Assets/Prefabs/Scored.prefab
  artifactKey: Guid(3f31f46825e37b142ad898d9cfbafbe9) Importer(815301076,1909f56bfc062723c751e8b465ee728b)
Start importing Assets/Prefabs/Scored.prefab using Guid(3f31f46825e37b142ad898d9cfbafbe9) Importer(815301076,1909f56bfc062723c751e8b465ee728b)  -> (artifact id: 'e6ad0044f4d761b83fec502413b2c43e') in 0.024421 seconds
  Import took 0.028400 seconds .

========================================================================
Received Import Request.
  Time since last request: 3.231631 seconds.
  path: Assets/Prefabs/Scored.prefab
  artifactKey: Guid(3f31f46825e37b142ad898d9cfbafbe9) Importer(815301076,1909f56bfc062723c751e8b465ee728b)
Start importing Assets/Prefabs/Scored.prefab using Guid(3f31f46825e37b142ad898d9cfbafbe9) Importer(815301076,1909f56bfc062723c751e8b465ee728b)  -> (artifact id: '64fe6e75ff0cdb228b0e57738ec3d8b8') in 0.020298 seconds
  Import took 0.024794 seconds .

========================================================================
Received Import Request.
  Time since last request: 21.113394 seconds.
  path: Assets/Prefabs/Scored.prefab
  artifactKey: Guid(3f31f46825e37b142ad898d9cfbafbe9) Importer(815301076,1909f56bfc062723c751e8b465ee728b)
Start importing Assets/Prefabs/Scored.prefab using Guid(3f31f46825e37b142ad898d9cfbafbe9) Importer(815301076,1909f56bfc062723c751e8b465ee728b)  -> (artifact id: '07fb692a655ea903b1c54eb32047fef9') in 0.017244 seconds
  Import took 0.019549 seconds .

========================================================================
Received Import Request.
  Time since last request: 2.410004 seconds.
  path: Assets/Prefabs/Scored.prefab
  artifactKey: Guid(3f31f46825e37b142ad898d9cfbafbe9) Importer(815301076,1909f56bfc062723c751e8b465ee728b)
Start importing Assets/Prefabs/Scored.prefab using Guid(3f31f46825e37b142ad898d9cfbafbe9) Importer(815301076,1909f56bfc062723c751e8b465ee728b)  -> (artifact id: 'db06ab62e5e224e461b7b8c2a38e4c7e') in 0.015462 seconds
  Import took 0.017721 seconds .

========================================================================
Received Import Request.
  Time since last request: 1.987031 seconds.
  path: Assets/Prefabs/Scored.prefab
  artifactKey: Guid(3f31f46825e37b142ad898d9cfbafbe9) Importer(815301076,1909f56bfc062723c751e8b465ee728b)
Start importing Assets/Prefabs/Scored.prefab using Guid(3f31f46825e37b142ad898d9cfbafbe9) Importer(815301076,1909f56bfc062723c751e8b465ee728b)  -> (artifact id: 'a2bad510aee319b9bc157d822c122f85') in 0.016641 seconds
  Import took 0.019390 seconds .

========================================================================
Received Import Request.
  Time since last request: 3.209776 seconds.
  path: Assets/Prefabs/Scored.prefab
  artifactKey: Guid(3f31f46825e37b142ad898d9cfbafbe9) Importer(815301076,1909f56bfc062723c751e8b465ee728b)
Start importing Assets/Prefabs/Scored.prefab using Guid(3f31f46825e37b142ad898d9cfbafbe9) Importer(815301076,1909f56bfc062723c751e8b465ee728b)  -> (artifact id: 'e9f2073dce270ebef90897a39533b92b') in 0.011677 seconds
  Import took 0.014135 seconds .

========================================================================
Received Prepare
Registering precompiled user dll's ...
Registered in 0.000937 seconds.
Begin MonoManager ReloadAssembly
Native extension for WindowsStandalone target not found
Refreshing native plugins compatible for Editor in 0.31 ms, found 0 plugins.
Preloading 0 native plugins for Editor in 0.00 ms.
Invoked RoslynAnalysisRunner static constructor.
RoslynAnalysisRunner will not be running.
RoslynAnalysisRunner has terminated.
Mono: successfully reloaded assembly
- Completed reload, in  2.112 seconds
Platform modules already initialized, skipping
Switching build target platform(5) subTarget(0) extendedPlatform(0) -> platform(13) subTarget(537395200) extendedPlatform(0)
Refreshing native plugins compatible for Editor in 0.37 ms, found 0 plugins.
Preloading 0 native plugins for Editor in 0.00 ms.
Unloading 1152 Unused Serialized files (Serialized files now loaded: 0)
System memory in use before: 62.9 MB.
System memory in use after: 63.0 MB.

Unloading 6 unused Assets to reduce memory usage. Loaded Objects now: 1774.
Total: 3.499200 ms (FindLiveObjects: 0.413200 ms CreateObjectMapping: 0.178300 ms MarkObjects: 2.834100 ms  DeleteObjects: 0.071900 ms)

AssetImportParameters requested are different than current active one (requested -> active):
  custom:graphics/normal-map-encoding: 01000000000000000000000000000000 -> 02000000000000000000000000000000
========================================================================
Received Import Request.
  Time since last request: 161.612350 seconds.
  path: Assets/Prefabs/Scored.prefab
  artifactKey: Guid(3f31f46825e37b142ad898d9cfbafbe9) Importer(815301076,1909f56bfc062723c751e8b465ee728b)
Start importing Assets/Prefabs/Scored.prefab using Guid(3f31f46825e37b142ad898d9cfbafbe9) Importer(815301076,1909f56bfc062723c751e8b465ee728b)  -> (artifact id: '6bf9d6df1d775f607f85428ebde4638b') in 0.068543 seconds
  Import took 0.071210 seconds .

========================================================================
Received Import Request.
  Time since last request: 0.000263 seconds.
  path: Assets/Prefabs/towerPiece.prefab
  artifactKey: Guid(380c0b5a77fb32141aeefb554d71b082) Importer(815301076,1909f56bfc062723c751e8b465ee728b)
Start importing Assets/Prefabs/towerPiece.prefab using Guid(380c0b5a77fb32141aeefb554d71b082) Importer(815301076,1909f56bfc062723c751e8b465ee728b)  -> (artifact id: '3709993750abc1e34d28a2a178934460') in 0.009797 seconds
  Import took 0.012017 seconds .

========================================================================
Received Import Request.
  Time since last request: 2272.094538 seconds.
  path: Assets/Prefabs/Scored.prefab
  artifactKey: Guid(3f31f46825e37b142ad898d9cfbafbe9) Importer(815301076,1909f56bfc062723c751e8b465ee728b)
Start importing Assets/Prefabs/Scored.prefab using Guid(3f31f46825e37b142ad898d9cfbafbe9) Importer(815301076,1909f56bfc062723c751e8b465ee728b)  -> (artifact id: '27f947cc7082e410d3b0d2970bec9aff') in 0.042695 seconds
  Import took 0.047769 seconds .

========================================================================
Received Import Request.
  Time since last request: 7.488253 seconds.
  path: Assets/Prefabs/towerPiece.prefab
  artifactKey: Guid(380c0b5a77fb32141aeefb554d71b082) Importer(815301076,1909f56bfc062723c751e8b465ee728b)
Start importing Assets/Prefabs/towerPiece.prefab using Guid(380c0b5a77fb32141aeefb554d71b082) Importer(815301076,1909f56bfc062723c751e8b465ee728b)  -> (artifact id: 'b148b5112dc4d2aeb249497405ca41d1') in 0.026010 seconds
  Import took 0.030129 seconds .

========================================================================
Received Import Request.
  Time since last request: 0.022463 seconds.
  path: Assets/Prefabs/towerPiece.prefab
  artifactKey: Guid(380c0b5a77fb32141aeefb554d71b082) Importer(815301076,1909f56bfc062723c751e8b465ee728b)
Start importing Assets/Prefabs/towerPiece.prefab using Guid(380c0b5a77fb32141aeefb554d71b082) Importer(815301076,1909f56bfc062723c751e8b465ee728b)  -> (artifact id: 'b148b5112dc4d2aeb249497405ca41d1') in 0.017665 seconds
  Import took 0.021929 seconds .

========================================================================
Received Import Request.
  Time since last request: 1.018565 seconds.
  path: Assets/Prefabs/towerPiece.prefab
  artifactKey: Guid(380c0b5a77fb32141aeefb554d71b082) Importer(815301076,1909f56bfc062723c751e8b465ee728b)
Start importing Assets/Prefabs/towerPiece.prefab using Guid(380c0b5a77fb32141aeefb554d71b082) Importer(815301076,1909f56bfc062723c751e8b465ee728b)  -> (artifact id: '4062cc3c4616a82c3a33fea960422cf1') in 0.015972 seconds
  Import took 0.020410 seconds .

========================================================================
Received Import Request.
  Time since last request: 3.875940 seconds.
  path: Assets/Prefabs/towerPiece.prefab
  artifactKey: Guid(380c0b5a77fb32141aeefb554d71b082) Importer(815301076,1909f56bfc062723c751e8b465ee728b)
Start importing Assets/Prefabs/towerPiece.prefab using Guid(380c0b5a77fb32141aeefb554d71b082) Importer(815301076,1909f56bfc062723c751e8b465ee728b)  -> (artifact id: 'db3714ed8575f00985671e5f50eda5d2') in 0.014866 seconds
  Import took 0.018787 seconds .

========================================================================
Received Import Request.
  Time since last request: 0.027274 seconds.
  path: Assets/Prefabs/towerPiece.prefab
  artifactKey: Guid(380c0b5a77fb32141aeefb554d71b082) Importer(815301076,1909f56bfc062723c751e8b465ee728b)
Start importing Assets/Prefabs/towerPiece.prefab using Guid(380c0b5a77fb32141aeefb554d71b082) Importer(815301076,1909f56bfc062723c751e8b465ee728b)  -> (artifact id: 'db3714ed8575f00985671e5f50eda5d2') in 0.014614 seconds
  Import took 0.018743 seconds .

========================================================================
Received Import Request.
  Time since last request: 0.367824 seconds.
  path: Assets/Prefabs/towerPiece.prefab
  artifactKey: Guid(380c0b5a77fb32141aeefb554d71b082) Importer(815301076,1909f56bfc062723c751e8b465ee728b)
Start importing Assets/Prefabs/towerPiece.prefab using Guid(380c0b5a77fb32141aeefb554d71b082) Importer(815301076,1909f56bfc062723c751e8b465ee728b)  -> (artifact id: 'e6b71582b41c8c1919d9c6a5d2f36849') in 0.015843 seconds
  Import took 0.019872 seconds .

========================================================================
Received Import Request.
  Time since last request: 0.029311 seconds.
  path: Assets/Prefabs/towerPiece.prefab
  artifactKey: Guid(380c0b5a77fb32141aeefb554d71b082) Importer(815301076,1909f56bfc062723c751e8b465ee728b)
Start importing Assets/Prefabs/towerPiece.prefab using Guid(380c0b5a77fb32141aeefb554d71b082) Importer(815301076,1909f56bfc062723c751e8b465ee728b)  -> (artifact id: 'e6b71582b41c8c1919d9c6a5d2f36849') in 0.015568 seconds
  Import took 0.019085 seconds .

========================================================================
Received Import Request.
  Time since last request: 1.682604 seconds.
  path: Assets/Prefabs/towerPiece.prefab
  artifactKey: Guid(380c0b5a77fb32141aeefb554d71b082) Importer(815301076,1909f56bfc062723c751e8b465ee728b)
Start importing Assets/Prefabs/towerPiece.prefab using Guid(380c0b5a77fb32141aeefb554d71b082) Importer(815301076,1909f56bfc062723c751e8b465ee728b)  -> (artifact id: '5d540b925397a2a5715985a8fc0c37fb') in 0.017564 seconds
  Import took 0.021887 seconds .

AssetImportWorkerClient::OnTransportError - code=2 error=End of file
