Using pre-set license
Built from '2020.3/release' branch; Version is '2020.3.2f1 (8fd9074bf66c) revision 9427207'; Using compiler version '192528614'; Build Type 'Release'
OS: 'Windows 10 Pro; OS build 19042.1083; Version 2009; 64bit' Language: 'ru' Physical Memory: 16253 MB
BatchMode: 1, IsHumanControllingUs: 0, StartBugReporterOnCrash: 0, Is64bit: 1, IsPro: 0

 COMMAND LINE ARGUMENTS:
C:\Program Files\Unity\Hub\Editor\2020.3.2f1\Editor\Unity.exe
-adb2
-batchMode
-noUpm
-name
AssetImportWorker0
-projectPath
C:/Unity Projects/Helix Jump ECS
-logFile
Logs/AssetImportWorker0.log
-srvPort
55084
Successfully changed project path to: C:/Unity Projects/Helix Jump ECS
C:/Unity Projects/Helix Jump ECS
Using Asset Import Pipeline V2.
Refreshing native plugins compatible for Editor in 20.53 ms, found 0 plugins.
Preloading 0 native plugins for Editor in 0.00 ms.
Initialize engine version: 2020.3.2f1 (8fd9074bf66c)
[Subsystems] Discovering subsystems at path C:/Program Files/Unity/Hub/Editor/2020.3.2f1/Editor/Data/Resources/UnitySubsystems
[Subsystems] Discovering subsystems at path C:/Unity Projects/Helix Jump ECS/Assets
GfxDevice: creating device client; threaded=0
Direct3D:
    Version:  Direct3D 11.0 [level 11.1]
    Renderer: NVIDIA GeForce RTX 3060 Laptop GPU (ID=0x2520)
    Vendor:   
    VRAM:     6023 MB
    Driver:   27.21.14.6235
Initialize mono
Mono path[0] = 'C:/Program Files/Unity/Hub/Editor/2020.3.2f1/Editor/Data/Managed'
Mono path[1] = 'C:/Program Files/Unity/Hub/Editor/2020.3.2f1/Editor/Data/MonoBleedingEdge/lib/mono/unityjit'
Mono config path = 'C:/Program Files/Unity/Hub/Editor/2020.3.2f1/Editor/Data/MonoBleedingEdge/etc'
Using monoOptions --debugger-agent=transport=dt_socket,embedding=1,server=y,suspend=n,address=127.0.0.1:56216
Begin MonoManager ReloadAssembly
Registering precompiled unity dll's ...
Register platform support module: C:/Program Files/Unity/Hub/Editor/2020.3.2f1/Editor/Data/PlaybackEngines/WindowsStandaloneSupport/UnityEditor.WindowsStandalone.Extensions.dll
Registered in 0.003079 seconds.
Native extension for WindowsStandalone target not found
Refreshing native plugins compatible for Editor in 39.71 ms, found 0 plugins.
Preloading 0 native plugins for Editor in 0.00 ms.
Invoked RoslynAnalysisRunner static constructor.
RoslynAnalysisRunner will not be running.
RoslynAnalysisRunner has terminated.
Mono: successfully reloaded assembly
- Completed reload, in  2.615 seconds
Platform modules already initialized, skipping
Registering precompiled user dll's ...
Registered in 0.001085 seconds.
Begin MonoManager ReloadAssembly
Native extension for WindowsStandalone target not found
Refreshing native plugins compatible for Editor in 0.36 ms, found 0 plugins.
Preloading 0 native plugins for Editor in 0.00 ms.
Invoked RoslynAnalysisRunner static constructor.
RoslynAnalysisRunner will not be running.
RoslynAnalysisRunner has terminated.
Mono: successfully reloaded assembly
- Completed reload, in  1.522 seconds
Platform modules already initialized, skipping
========================================================================
Worker process is ready to serve import requests
Launched and connected shader compiler UnityShaderCompiler.exe after 0.07 seconds
Refreshing native plugins compatible for Editor in 0.30 ms, found 0 plugins.
Preloading 0 native plugins for Editor in 0.00 ms.
Unloading 1171 Unused Serialized files (Serialized files now loaded: 0)
System memory in use before: 60.5 MB.
System memory in use after: 60.5 MB.

Unloading 10 unused Assets to reduce memory usage. Loaded Objects now: 1613.
Total: 2.878200 ms (FindLiveObjects: 0.190300 ms CreateObjectMapping: 0.107100 ms MarkObjects: 2.424800 ms  DeleteObjects: 0.133200 ms)

========================================================================
Received Import Request.
  path: Assets/Scenes/SampleScene/LightingData.asset
  artifactKey: Guid(228943e15e4a41f4fabf4b37ad71d278) Importer(815301076,1909f56bfc062723c751e8b465ee728b)
Start importing Assets/Scenes/SampleScene/LightingData.asset using Guid(228943e15e4a41f4fabf4b37ad71d278) Importer(815301076,1909f56bfc062723c751e8b465ee728b)  -> (artifact id: 'ca3d4b4df229356cd68a627ca444ad45') in 0.056166 seconds
  Import took 0.059246 seconds .

========================================================================
Received Import Request.
  Time since last request: 0.000399 seconds.
  path: Assets/Scenes/SampleScene
  artifactKey: Guid(25c746c829f5c7e47b9140f4b7b33cf1) Importer(815301076,1909f56bfc062723c751e8b465ee728b)
Start importing Assets/Scenes/SampleScene using Guid(25c746c829f5c7e47b9140f4b7b33cf1) Importer(815301076,1909f56bfc062723c751e8b465ee728b)  -> (artifact id: '7095860903561ca06e702fc3a8ab45b2') in 0.013201 seconds
  Import took 0.016638 seconds .

========================================================================
Received Import Request.
  Time since last request: 0.000420 seconds.
  path: Assets/Scenes/SampleScene/ReflectionProbe-0.exr
  artifactKey: Guid(6617e14ceb8890e4bbe0a7d30a4dc440) Importer(815301076,1909f56bfc062723c751e8b465ee728b)
Start importing Assets/Scenes/SampleScene/ReflectionProbe-0.exr using Guid(6617e14ceb8890e4bbe0a7d30a4dc440) Importer(815301076,1909f56bfc062723c751e8b465ee728b)  -> (artifact id: '29631dcaef179a889da8e6f4d704812b') in 0.155611 seconds
  Import took 0.159143 seconds .

========================================================================
Received Prepare
Refreshing native plugins compatible for Editor in 1.23 ms, found 0 plugins.
Preloading 0 native plugins for Editor in 0.00 ms.
Unloading 3 Unused Serialized files (Serialized files now loaded: 0)
System memory in use before: 39.7 MB.
System memory in use after: 39.8 MB.

Unloading 3 unused Assets to reduce memory usage. Loaded Objects now: 1645.
Total: 3.137800 ms (FindLiveObjects: 0.282900 ms CreateObjectMapping: 0.153500 ms MarkObjects: 2.621800 ms  DeleteObjects: 0.078400 ms)

========================================================================
Received Import Request.
  Time since last request: 288.420382 seconds.
  path: Assets/Prefabs/TowerUpdated.prefab
  artifactKey: Guid(987429e45fd89a2459634b4e8a89cf05) Importer(815301076,1909f56bfc062723c751e8b465ee728b)
Start importing Assets/Prefabs/TowerUpdated.prefab using Guid(987429e45fd89a2459634b4e8a89cf05) Importer(815301076,1909f56bfc062723c751e8b465ee728b)  -> (artifact id: 'd41b1b6f8bead4872e7fd9682279b95b') in 0.046986 seconds
  Import took 0.051185 seconds .

========================================================================
Received Import Request.
  Time since last request: 0.000323 seconds.
  path: Assets/Prefabs/TowerUpdated.prefab
  artifactKey: Guid(987429e45fd89a2459634b4e8a89cf05) Importer(815301076,1909f56bfc062723c751e8b465ee728b)
Start importing Assets/Prefabs/TowerUpdated.prefab using Guid(987429e45fd89a2459634b4e8a89cf05) Importer(815301076,1909f56bfc062723c751e8b465ee728b)  -> (artifact id: 'd41b1b6f8bead4872e7fd9682279b95b') in 0.017460 seconds
  Import took 0.020541 seconds .

========================================================================
Received Prepare
Registering precompiled user dll's ...
Registered in 0.000689 seconds.
Begin MonoManager ReloadAssembly
Native extension for WindowsStandalone target not found
Refreshing native plugins compatible for Editor in 0.19 ms, found 0 plugins.
Preloading 0 native plugins for Editor in 0.00 ms.
Invoked RoslynAnalysisRunner static constructor.
RoslynAnalysisRunner will not be running.
RoslynAnalysisRunner has terminated.
Mono: successfully reloaded assembly
- Completed reload, in  0.719 seconds
Platform modules already initialized, skipping
Switching build target platform(5) subTarget(0) extendedPlatform(0) -> platform(13) subTarget(537395200) extendedPlatform(0)
Refreshing native plugins compatible for Editor in 0.19 ms, found 0 plugins.
Preloading 0 native plugins for Editor in 0.00 ms.
Unloading 1156 Unused Serialized files (Serialized files now loaded: 0)
System memory in use before: 62.4 MB.
System memory in use after: 62.4 MB.

Unloading 6 unused Assets to reduce memory usage. Loaded Objects now: 1648.
Total: 1.532500 ms (FindLiveObjects: 0.170200 ms CreateObjectMapping: 0.043600 ms MarkObjects: 1.276400 ms  DeleteObjects: 0.040800 ms)

AssetImportParameters requested are different than current active one (requested -> active):
  custom:graphics/normal-map-encoding: 01000000000000000000000000000000 -> 02000000000000000000000000000000
========================================================================
Received Import Request.
  Time since last request: 25.304559 seconds.
  path: Assets/Prefabs/TowerUpdated.prefab
  artifactKey: Guid(987429e45fd89a2459634b4e8a89cf05) Importer(815301076,1909f56bfc062723c751e8b465ee728b)
Start importing Assets/Prefabs/TowerUpdated.prefab using Guid(987429e45fd89a2459634b4e8a89cf05) Importer(815301076,1909f56bfc062723c751e8b465ee728b)  -> (artifact id: '76fd435e38d235729fc056230a06b963') in 0.063495 seconds
  Import took 0.066588 seconds .

========================================================================
Received Import Request.
  Time since last request: 0.065268 seconds.
  path: Assets/Prefabs/TowerUpdated.prefab
  artifactKey: Guid(987429e45fd89a2459634b4e8a89cf05) Importer(815301076,1909f56bfc062723c751e8b465ee728b)
Start importing Assets/Prefabs/TowerUpdated.prefab using Guid(987429e45fd89a2459634b4e8a89cf05) Importer(815301076,1909f56bfc062723c751e8b465ee728b)  -> (artifact id: '3cd9d80b6c8decee8a9780ce0f004717') in 0.029819 seconds
  Import took 0.033973 seconds .

========================================================================
Received Import Request.
  Time since last request: 0.054328 seconds.
  path: Assets/Prefabs/TowerUpdated.prefab
  artifactKey: Guid(987429e45fd89a2459634b4e8a89cf05) Importer(815301076,1909f56bfc062723c751e8b465ee728b)
Start importing Assets/Prefabs/TowerUpdated.prefab using Guid(987429e45fd89a2459634b4e8a89cf05) Importer(815301076,1909f56bfc062723c751e8b465ee728b)  -> (artifact id: '3cd9d80b6c8decee8a9780ce0f004717') in 0.029784 seconds
  Import took 0.035368 seconds .

========================================================================
Received Import Request.
  Time since last request: 0.177354 seconds.
  path: Assets/Prefabs/TowerUpdated.prefab
  artifactKey: Guid(987429e45fd89a2459634b4e8a89cf05) Importer(815301076,1909f56bfc062723c751e8b465ee728b)
Start importing Assets/Prefabs/TowerUpdated.prefab using Guid(987429e45fd89a2459634b4e8a89cf05) Importer(815301076,1909f56bfc062723c751e8b465ee728b)  -> (artifact id: 'd86a654c3d659c8274740cba1f6aa8bf') in 0.029629 seconds
  Import took 0.033935 seconds .

========================================================================
Received Import Request.
  Time since last request: 0.071127 seconds.
  path: Assets/Prefabs/TowerUpdated.prefab
  artifactKey: Guid(987429e45fd89a2459634b4e8a89cf05) Importer(815301076,1909f56bfc062723c751e8b465ee728b)
Start importing Assets/Prefabs/TowerUpdated.prefab using Guid(987429e45fd89a2459634b4e8a89cf05) Importer(815301076,1909f56bfc062723c751e8b465ee728b)  -> (artifact id: 'd86a654c3d659c8274740cba1f6aa8bf') in 0.029031 seconds
  Import took 0.033425 seconds .

========================================================================
Received Import Request.
  Time since last request: 0.355549 seconds.
  path: Assets/Prefabs/TowerUpdated.prefab
  artifactKey: Guid(987429e45fd89a2459634b4e8a89cf05) Importer(815301076,1909f56bfc062723c751e8b465ee728b)
Start importing Assets/Prefabs/TowerUpdated.prefab using Guid(987429e45fd89a2459634b4e8a89cf05) Importer(815301076,1909f56bfc062723c751e8b465ee728b)  -> (artifact id: '253a14cdc94453b6c9239e2179fc122e') in 0.025883 seconds
  Import took 0.030037 seconds .

========================================================================
Received Import Request.
  Time since last request: 0.833878 seconds.
  path: Assets/Prefabs/TowerUpdated.prefab
  artifactKey: Guid(987429e45fd89a2459634b4e8a89cf05) Importer(815301076,1909f56bfc062723c751e8b465ee728b)
Start importing Assets/Prefabs/TowerUpdated.prefab using Guid(987429e45fd89a2459634b4e8a89cf05) Importer(815301076,1909f56bfc062723c751e8b465ee728b)  -> (artifact id: '35b6e7d20173b77d3b1ec1b8faa356fe') in 0.030928 seconds
  Import took 0.036353 seconds .

========================================================================
Received Import Request.
  Time since last request: 0.381012 seconds.
  path: Assets/Prefabs/TowerUpdated.prefab
  artifactKey: Guid(987429e45fd89a2459634b4e8a89cf05) Importer(815301076,1909f56bfc062723c751e8b465ee728b)
Start importing Assets/Prefabs/TowerUpdated.prefab using Guid(987429e45fd89a2459634b4e8a89cf05) Importer(815301076,1909f56bfc062723c751e8b465ee728b)  -> (artifact id: '07de5abe2322dc4fcf2a26c712f5fdd9') in 0.032648 seconds
  Import took 0.037672 seconds .

========================================================================
Received Import Request.
  Time since last request: 0.448016 seconds.
  path: Assets/Prefabs/TowerUpdated.prefab
  artifactKey: Guid(987429e45fd89a2459634b4e8a89cf05) Importer(815301076,1909f56bfc062723c751e8b465ee728b)
Start importing Assets/Prefabs/TowerUpdated.prefab using Guid(987429e45fd89a2459634b4e8a89cf05) Importer(815301076,1909f56bfc062723c751e8b465ee728b)  -> (artifact id: '170034636541ef09e6dd6e49ea8f4d10') in 0.031613 seconds
  Import took 0.036500 seconds .

========================================================================
Received Import Request.
  Time since last request: 0.406436 seconds.
  path: Assets/Prefabs/TowerUpdated.prefab
  artifactKey: Guid(987429e45fd89a2459634b4e8a89cf05) Importer(815301076,1909f56bfc062723c751e8b465ee728b)
Start importing Assets/Prefabs/TowerUpdated.prefab using Guid(987429e45fd89a2459634b4e8a89cf05) Importer(815301076,1909f56bfc062723c751e8b465ee728b)  -> (artifact id: 'db7411bd7cf2693cf81d96d50c22aada') in 0.033972 seconds
  Import took 0.038935 seconds .

========================================================================
Received Import Request.
  Time since last request: 0.379438 seconds.
  path: Assets/Prefabs/TowerUpdated.prefab
  artifactKey: Guid(987429e45fd89a2459634b4e8a89cf05) Importer(815301076,1909f56bfc062723c751e8b465ee728b)
Start importing Assets/Prefabs/TowerUpdated.prefab using Guid(987429e45fd89a2459634b4e8a89cf05) Importer(815301076,1909f56bfc062723c751e8b465ee728b)  -> (artifact id: '21187dcd7f36f7034e01c4431a92d794') in 0.037284 seconds
  Import took 0.042772 seconds .

========================================================================
Received Import Request.
  Time since last request: 0.398556 seconds.
  path: Assets/Prefabs/TowerUpdated.prefab
  artifactKey: Guid(987429e45fd89a2459634b4e8a89cf05) Importer(815301076,1909f56bfc062723c751e8b465ee728b)
Start importing Assets/Prefabs/TowerUpdated.prefab using Guid(987429e45fd89a2459634b4e8a89cf05) Importer(815301076,1909f56bfc062723c751e8b465ee728b)  -> (artifact id: '9a726115a5110be129252c08b4e3e7e7') in 0.031031 seconds
  Import took 0.035376 seconds .

========================================================================
Received Import Request.
  Time since last request: 0.075164 seconds.
  path: Assets/Prefabs/TowerUpdated.prefab
  artifactKey: Guid(987429e45fd89a2459634b4e8a89cf05) Importer(815301076,1909f56bfc062723c751e8b465ee728b)
Start importing Assets/Prefabs/TowerUpdated.prefab using Guid(987429e45fd89a2459634b4e8a89cf05) Importer(815301076,1909f56bfc062723c751e8b465ee728b)  -> (artifact id: '9a726115a5110be129252c08b4e3e7e7') in 0.028025 seconds
  Import took 0.033279 seconds .

========================================================================
Received Import Request.
  Time since last request: 0.166564 seconds.
  path: Assets/Prefabs/TowerUpdated.prefab
  artifactKey: Guid(987429e45fd89a2459634b4e8a89cf05) Importer(815301076,1909f56bfc062723c751e8b465ee728b)
Start importing Assets/Prefabs/TowerUpdated.prefab using Guid(987429e45fd89a2459634b4e8a89cf05) Importer(815301076,1909f56bfc062723c751e8b465ee728b)  -> (artifact id: 'a34e64a07a57b8e561f79128fab14cad') in 0.033376 seconds
  Import took 0.038021 seconds .

========================================================================
Received Import Request.
  Time since last request: 0.185855 seconds.
  path: Assets/Prefabs/TowerUpdated.prefab
  artifactKey: Guid(987429e45fd89a2459634b4e8a89cf05) Importer(815301076,1909f56bfc062723c751e8b465ee728b)
Start importing Assets/Prefabs/TowerUpdated.prefab using Guid(987429e45fd89a2459634b4e8a89cf05) Importer(815301076,1909f56bfc062723c751e8b465ee728b)  -> (artifact id: '6e36c48fb1b0957316a2a5c31482e008') in 0.034579 seconds
  Import took 0.038845 seconds .

========================================================================
Received Import Request.
  Time since last request: 0.062539 seconds.
  path: Assets/Prefabs/TowerUpdated.prefab
  artifactKey: Guid(987429e45fd89a2459634b4e8a89cf05) Importer(815301076,1909f56bfc062723c751e8b465ee728b)
Start importing Assets/Prefabs/TowerUpdated.prefab using Guid(987429e45fd89a2459634b4e8a89cf05) Importer(815301076,1909f56bfc062723c751e8b465ee728b)  -> (artifact id: '6e36c48fb1b0957316a2a5c31482e008') in 0.030941 seconds
  Import took 0.035827 seconds .

========================================================================
Received Import Request.
  Time since last request: 0.350443 seconds.
  path: Assets/Prefabs/TowerUpdated.prefab
  artifactKey: Guid(987429e45fd89a2459634b4e8a89cf05) Importer(815301076,1909f56bfc062723c751e8b465ee728b)
Start importing Assets/Prefabs/TowerUpdated.prefab using Guid(987429e45fd89a2459634b4e8a89cf05) Importer(815301076,1909f56bfc062723c751e8b465ee728b)  -> (artifact id: 'e42da439271de3e85d67709e877e1d37') in 0.031791 seconds
  Import took 0.037319 seconds .

========================================================================
Received Import Request.
  Time since last request: 0.069765 seconds.
  path: Assets/Prefabs/TowerUpdated.prefab
  artifactKey: Guid(987429e45fd89a2459634b4e8a89cf05) Importer(815301076,1909f56bfc062723c751e8b465ee728b)
Start importing Assets/Prefabs/TowerUpdated.prefab using Guid(987429e45fd89a2459634b4e8a89cf05) Importer(815301076,1909f56bfc062723c751e8b465ee728b)  -> (artifact id: 'e42da439271de3e85d67709e877e1d37') in 0.031392 seconds
  Import took 0.036058 seconds .

========================================================================
Received Import Request.
  Time since last request: 0.176564 seconds.
  path: Assets/Prefabs/TowerUpdated.prefab
  artifactKey: Guid(987429e45fd89a2459634b4e8a89cf05) Importer(815301076,1909f56bfc062723c751e8b465ee728b)
Start importing Assets/Prefabs/TowerUpdated.prefab using Guid(987429e45fd89a2459634b4e8a89cf05) Importer(815301076,1909f56bfc062723c751e8b465ee728b)  -> (artifact id: '1a932ab25e12b87aa304a4626b1f45b4') in 0.031083 seconds
  Import took 0.036340 seconds .

========================================================================
Received Import Request.
  Time since last request: 0.193416 seconds.
  path: Assets/Prefabs/TowerUpdated.prefab
  artifactKey: Guid(987429e45fd89a2459634b4e8a89cf05) Importer(815301076,1909f56bfc062723c751e8b465ee728b)
Start importing Assets/Prefabs/TowerUpdated.prefab using Guid(987429e45fd89a2459634b4e8a89cf05) Importer(815301076,1909f56bfc062723c751e8b465ee728b)  -> (artifact id: 'dc8b8fb6f83e479833be180f4d6a6246') in 0.034700 seconds
  Import took 0.039837 seconds .

========================================================================
Received Import Request.
  Time since last request: 0.056299 seconds.
  path: Assets/Prefabs/TowerUpdated.prefab
  artifactKey: Guid(987429e45fd89a2459634b4e8a89cf05) Importer(815301076,1909f56bfc062723c751e8b465ee728b)
Start importing Assets/Prefabs/TowerUpdated.prefab using Guid(987429e45fd89a2459634b4e8a89cf05) Importer(815301076,1909f56bfc062723c751e8b465ee728b)  -> (artifact id: 'dc8b8fb6f83e479833be180f4d6a6246') in 0.033367 seconds
  Import took 0.038110 seconds .

========================================================================
Received Import Request.
  Time since last request: 0.694358 seconds.
  path: Assets/Prefabs/TowerUpdated.prefab
  artifactKey: Guid(987429e45fd89a2459634b4e8a89cf05) Importer(815301076,1909f56bfc062723c751e8b465ee728b)
Start importing Assets/Prefabs/TowerUpdated.prefab using Guid(987429e45fd89a2459634b4e8a89cf05) Importer(815301076,1909f56bfc062723c751e8b465ee728b)  -> (artifact id: '0281d7cf2219e28a15852dbbcac0f620') in 0.035126 seconds
  Import took 0.039670 seconds .

========================================================================
Received Import Request.
  Time since last request: 0.187456 seconds.
  path: Assets/Prefabs/TowerUpdated.prefab
  artifactKey: Guid(987429e45fd89a2459634b4e8a89cf05) Importer(815301076,1909f56bfc062723c751e8b465ee728b)
Start importing Assets/Prefabs/TowerUpdated.prefab using Guid(987429e45fd89a2459634b4e8a89cf05) Importer(815301076,1909f56bfc062723c751e8b465ee728b)  -> (artifact id: 'ce89d42eaafa1ec98323b684c9643e9e') in 0.036284 seconds
  Import took 0.040740 seconds .

========================================================================
Received Import Request.
  Time since last request: 0.063649 seconds.
  path: Assets/Prefabs/TowerUpdated.prefab
  artifactKey: Guid(987429e45fd89a2459634b4e8a89cf05) Importer(815301076,1909f56bfc062723c751e8b465ee728b)
Start importing Assets/Prefabs/TowerUpdated.prefab using Guid(987429e45fd89a2459634b4e8a89cf05) Importer(815301076,1909f56bfc062723c751e8b465ee728b)  -> (artifact id: 'ce89d42eaafa1ec98323b684c9643e9e') in 0.033718 seconds
  Import took 0.038659 seconds .

========================================================================
Received Import Request.
  Time since last request: 0.514976 seconds.
  path: Assets/Prefabs/TowerUpdated.prefab
  artifactKey: Guid(987429e45fd89a2459634b4e8a89cf05) Importer(815301076,1909f56bfc062723c751e8b465ee728b)
Start importing Assets/Prefabs/TowerUpdated.prefab using Guid(987429e45fd89a2459634b4e8a89cf05) Importer(815301076,1909f56bfc062723c751e8b465ee728b)  -> (artifact id: 'e3c412bb5ca368d02f8da256448350b2') in 0.034477 seconds
  Import took 0.039948 seconds .

========================================================================
Received Import Request.
  Time since last request: 0.466087 seconds.
  path: Assets/Prefabs/TowerUpdated.prefab
  artifactKey: Guid(987429e45fd89a2459634b4e8a89cf05) Importer(815301076,1909f56bfc062723c751e8b465ee728b)
Start importing Assets/Prefabs/TowerUpdated.prefab using Guid(987429e45fd89a2459634b4e8a89cf05) Importer(815301076,1909f56bfc062723c751e8b465ee728b)  -> (artifact id: '66e2f6cfd67fb03d5109e294c3cd1471') in 0.039279 seconds
  Import took 0.045331 seconds .

========================================================================
Received Import Request.
  Time since last request: 0.181409 seconds.
  path: Assets/Prefabs/TowerUpdated.prefab
  artifactKey: Guid(987429e45fd89a2459634b4e8a89cf05) Importer(815301076,1909f56bfc062723c751e8b465ee728b)
Start importing Assets/Prefabs/TowerUpdated.prefab using Guid(987429e45fd89a2459634b4e8a89cf05) Importer(815301076,1909f56bfc062723c751e8b465ee728b)  -> (artifact id: '9dec29376d55922e101685a4389d588b') in 0.038393 seconds
  Import took 0.043550 seconds .

========================================================================
Received Import Request.
  Time since last request: 0.053376 seconds.
  path: Assets/Prefabs/TowerUpdated.prefab
  artifactKey: Guid(987429e45fd89a2459634b4e8a89cf05) Importer(815301076,1909f56bfc062723c751e8b465ee728b)
Start importing Assets/Prefabs/TowerUpdated.prefab using Guid(987429e45fd89a2459634b4e8a89cf05) Importer(815301076,1909f56bfc062723c751e8b465ee728b)  -> (artifact id: '9dec29376d55922e101685a4389d588b') in 0.036387 seconds
  Import took 0.040905 seconds .

========================================================================
Received Import Request.
  Time since last request: 0.535521 seconds.
  path: Assets/Prefabs/TowerUpdated.prefab
  artifactKey: Guid(987429e45fd89a2459634b4e8a89cf05) Importer(815301076,1909f56bfc062723c751e8b465ee728b)
Start importing Assets/Prefabs/TowerUpdated.prefab using Guid(987429e45fd89a2459634b4e8a89cf05) Importer(815301076,1909f56bfc062723c751e8b465ee728b)  -> (artifact id: 'cfb1eec82af56bb106c3dd33ec89260a') in 0.035983 seconds
  Import took 0.041092 seconds .

========================================================================
Received Import Request.
  Time since last request: 0.418943 seconds.
  path: Assets/Prefabs/TowerUpdated.prefab
  artifactKey: Guid(987429e45fd89a2459634b4e8a89cf05) Importer(815301076,1909f56bfc062723c751e8b465ee728b)
Start importing Assets/Prefabs/TowerUpdated.prefab using Guid(987429e45fd89a2459634b4e8a89cf05) Importer(815301076,1909f56bfc062723c751e8b465ee728b)  -> (artifact id: '1f7794d73a6adedd27c69055056db3ef') in 0.040281 seconds
  Import took 0.046254 seconds .

========================================================================
Received Import Request.
  Time since last request: 0.401021 seconds.
  path: Assets/Prefabs/TowerUpdated.prefab
  artifactKey: Guid(987429e45fd89a2459634b4e8a89cf05) Importer(815301076,1909f56bfc062723c751e8b465ee728b)
Start importing Assets/Prefabs/TowerUpdated.prefab using Guid(987429e45fd89a2459634b4e8a89cf05) Importer(815301076,1909f56bfc062723c751e8b465ee728b)  -> (artifact id: 'ba8d17e24f374d07929471bf1d79084b') in 0.037669 seconds
  Import took 0.043295 seconds .

========================================================================
Received Import Request.
  Time since last request: 0.181607 seconds.
  path: Assets/Prefabs/TowerUpdated.prefab
  artifactKey: Guid(987429e45fd89a2459634b4e8a89cf05) Importer(815301076,1909f56bfc062723c751e8b465ee728b)
Start importing Assets/Prefabs/TowerUpdated.prefab using Guid(987429e45fd89a2459634b4e8a89cf05) Importer(815301076,1909f56bfc062723c751e8b465ee728b)  -> (artifact id: 'c13808215e29134c8904ddbaa3637949') in 0.039405 seconds
  Import took 0.044838 seconds .

========================================================================
Received Import Request.
  Time since last request: 0.052391 seconds.
  path: Assets/Prefabs/TowerUpdated.prefab
  artifactKey: Guid(987429e45fd89a2459634b4e8a89cf05) Importer(815301076,1909f56bfc062723c751e8b465ee728b)
Start importing Assets/Prefabs/TowerUpdated.prefab using Guid(987429e45fd89a2459634b4e8a89cf05) Importer(815301076,1909f56bfc062723c751e8b465ee728b)  -> (artifact id: 'c13808215e29134c8904ddbaa3637949') in 0.039065 seconds
  Import took 0.043903 seconds .

========================================================================
Received Import Request.
  Time since last request: 0.554148 seconds.
  path: Assets/Prefabs/TowerUpdated.prefab
  artifactKey: Guid(987429e45fd89a2459634b4e8a89cf05) Importer(815301076,1909f56bfc062723c751e8b465ee728b)
Start importing Assets/Prefabs/TowerUpdated.prefab using Guid(987429e45fd89a2459634b4e8a89cf05) Importer(815301076,1909f56bfc062723c751e8b465ee728b)  -> (artifact id: 'e49f7598179b0b5c2de894355d6ac236') in 0.040758 seconds
  Import took 0.045745 seconds .

========================================================================
Received Import Request.
  Time since last request: 27.066027 seconds.
  path: Assets/Prefabs/TowerUpdated.prefab
  artifactKey: Guid(987429e45fd89a2459634b4e8a89cf05) Importer(815301076,1909f56bfc062723c751e8b465ee728b)
Start importing Assets/Prefabs/TowerUpdated.prefab using Guid(987429e45fd89a2459634b4e8a89cf05) Importer(815301076,1909f56bfc062723c751e8b465ee728b)  -> (artifact id: '9e681e487903fb549d2d7f5915af7cdb') in 0.030307 seconds
  Import took 0.035087 seconds .

========================================================================
Received Import Request.
  Time since last request: 7.711893 seconds.
  path: Assets/Prefabs/TowerUpdated.prefab
  artifactKey: Guid(987429e45fd89a2459634b4e8a89cf05) Importer(815301076,1909f56bfc062723c751e8b465ee728b)
Start importing Assets/Prefabs/TowerUpdated.prefab using Guid(987429e45fd89a2459634b4e8a89cf05) Importer(815301076,1909f56bfc062723c751e8b465ee728b)  -> (artifact id: '6b5587d77f83e1b8e7b0a036fd190c69') in 0.024764 seconds
  Import took 0.028932 seconds .

========================================================================
Received Import Request.
  Time since last request: 4.585453 seconds.
  path: Assets/Prefabs/TowerUpdated.prefab
  artifactKey: Guid(987429e45fd89a2459634b4e8a89cf05) Importer(815301076,1909f56bfc062723c751e8b465ee728b)
Start importing Assets/Prefabs/TowerUpdated.prefab using Guid(987429e45fd89a2459634b4e8a89cf05) Importer(815301076,1909f56bfc062723c751e8b465ee728b)  -> (artifact id: '79323018353749d2b36f1b6676c64558') in 0.013743 seconds
  Import took 0.016171 seconds .

========================================================================
Received Import Request.
  Time since last request: 11.697005 seconds.
  path: Assets/Prefabs/TowerUpdated.prefab
  artifactKey: Guid(987429e45fd89a2459634b4e8a89cf05) Importer(815301076,1909f56bfc062723c751e8b465ee728b)
Start importing Assets/Prefabs/TowerUpdated.prefab using Guid(987429e45fd89a2459634b4e8a89cf05) Importer(815301076,1909f56bfc062723c751e8b465ee728b)  -> (artifact id: '397f9f5e66a429e6e6eabe5f558f4d33') in 0.014371 seconds
  Import took 0.017551 seconds .

========================================================================
Received Import Request.
  Time since last request: 0.186843 seconds.
  path: Assets/Prefabs/TowerUpdated.prefab
  artifactKey: Guid(987429e45fd89a2459634b4e8a89cf05) Importer(815301076,1909f56bfc062723c751e8b465ee728b)
Start importing Assets/Prefabs/TowerUpdated.prefab using Guid(987429e45fd89a2459634b4e8a89cf05) Importer(815301076,1909f56bfc062723c751e8b465ee728b)  -> (artifact id: '6cd2d74eb35affd5829c8315e76bba50') in 0.013964 seconds
  Import took 0.016568 seconds .

========================================================================
Received Import Request.
  Time since last request: 0.202123 seconds.
  path: Assets/Prefabs/TowerUpdated.prefab
  artifactKey: Guid(987429e45fd89a2459634b4e8a89cf05) Importer(815301076,1909f56bfc062723c751e8b465ee728b)
Start importing Assets/Prefabs/TowerUpdated.prefab using Guid(987429e45fd89a2459634b4e8a89cf05) Importer(815301076,1909f56bfc062723c751e8b465ee728b)  -> (artifact id: '8d1dfd2ff0de7466ab6044a95600f356') in 0.016151 seconds
  Import took 0.018974 seconds .

========================================================================
Received Import Request.
  Time since last request: 0.231198 seconds.
  path: Assets/Prefabs/TowerUpdated.prefab
  artifactKey: Guid(987429e45fd89a2459634b4e8a89cf05) Importer(815301076,1909f56bfc062723c751e8b465ee728b)
Start importing Assets/Prefabs/TowerUpdated.prefab using Guid(987429e45fd89a2459634b4e8a89cf05) Importer(815301076,1909f56bfc062723c751e8b465ee728b)  -> (artifact id: '01d8e31efadf39ce12fa6841acf70045') in 0.014386 seconds
  Import took 0.016807 seconds .

========================================================================
Received Import Request.
  Time since last request: 0.375867 seconds.
  path: Assets/Prefabs/TowerUpdated.prefab
  artifactKey: Guid(987429e45fd89a2459634b4e8a89cf05) Importer(815301076,1909f56bfc062723c751e8b465ee728b)
Start importing Assets/Prefabs/TowerUpdated.prefab using Guid(987429e45fd89a2459634b4e8a89cf05) Importer(815301076,1909f56bfc062723c751e8b465ee728b)  -> (artifact id: 'b6ef5a2042c38518e7dbc847a51256f7') in 0.014491 seconds
  Import took 0.017885 seconds .

========================================================================
Received Import Request.
  Time since last request: 0.033601 seconds.
  path: Assets/Prefabs/TowerUpdated.prefab
  artifactKey: Guid(987429e45fd89a2459634b4e8a89cf05) Importer(815301076,1909f56bfc062723c751e8b465ee728b)
Start importing Assets/Prefabs/TowerUpdated.prefab using Guid(987429e45fd89a2459634b4e8a89cf05) Importer(815301076,1909f56bfc062723c751e8b465ee728b)  -> (artifact id: 'b6ef5a2042c38518e7dbc847a51256f7') in 0.016802 seconds
  Import took 0.019242 seconds .

========================================================================
Received Import Request.
  Time since last request: 0.155282 seconds.
  path: Assets/Prefabs/TowerUpdated.prefab
  artifactKey: Guid(987429e45fd89a2459634b4e8a89cf05) Importer(815301076,1909f56bfc062723c751e8b465ee728b)
Start importing Assets/Prefabs/TowerUpdated.prefab using Guid(987429e45fd89a2459634b4e8a89cf05) Importer(815301076,1909f56bfc062723c751e8b465ee728b)  -> (artifact id: '6a7552c3b5931ad2fef18205b4cf9792') in 0.015008 seconds
  Import took 0.017385 seconds .

========================================================================
Received Import Request.
  Time since last request: 0.196989 seconds.
  path: Assets/Prefabs/TowerUpdated.prefab
  artifactKey: Guid(987429e45fd89a2459634b4e8a89cf05) Importer(815301076,1909f56bfc062723c751e8b465ee728b)
Start importing Assets/Prefabs/TowerUpdated.prefab using Guid(987429e45fd89a2459634b4e8a89cf05) Importer(815301076,1909f56bfc062723c751e8b465ee728b)  -> (artifact id: '9b373a6c9587d9e4e8a3e506ac2360c4') in 0.017001 seconds
  Import took 0.019344 seconds .

========================================================================
Received Import Request.
  Time since last request: 0.205551 seconds.
  path: Assets/Prefabs/TowerUpdated.prefab
  artifactKey: Guid(987429e45fd89a2459634b4e8a89cf05) Importer(815301076,1909f56bfc062723c751e8b465ee728b)
Start importing Assets/Prefabs/TowerUpdated.prefab using Guid(987429e45fd89a2459634b4e8a89cf05) Importer(815301076,1909f56bfc062723c751e8b465ee728b)  -> (artifact id: '3e8ad6da4b0cbdc9f0b6fcff8b92f470') in 0.014795 seconds
  Import took 0.018453 seconds .

========================================================================
Received Import Request.
  Time since last request: 0.455049 seconds.
  path: Assets/Prefabs/TowerUpdated.prefab
  artifactKey: Guid(987429e45fd89a2459634b4e8a89cf05) Importer(815301076,1909f56bfc062723c751e8b465ee728b)
Start importing Assets/Prefabs/TowerUpdated.prefab using Guid(987429e45fd89a2459634b4e8a89cf05) Importer(815301076,1909f56bfc062723c751e8b465ee728b)  -> (artifact id: '6f8baf85b9531d7fdc6c8dd9519383c4') in 0.031132 seconds
  Import took 0.036987 seconds .

========================================================================
Received Import Request.
  Time since last request: 0.075587 seconds.
  path: Assets/Prefabs/TowerUpdated.prefab
  artifactKey: Guid(987429e45fd89a2459634b4e8a89cf05) Importer(815301076,1909f56bfc062723c751e8b465ee728b)
Start importing Assets/Prefabs/TowerUpdated.prefab using Guid(987429e45fd89a2459634b4e8a89cf05) Importer(815301076,1909f56bfc062723c751e8b465ee728b)  -> (artifact id: '6f8baf85b9531d7fdc6c8dd9519383c4') in 0.030419 seconds
  Import took 0.035952 seconds .

========================================================================
Received Import Request.
  Time since last request: 0.155225 seconds.
  path: Assets/Prefabs/TowerUpdated.prefab
  artifactKey: Guid(987429e45fd89a2459634b4e8a89cf05) Importer(815301076,1909f56bfc062723c751e8b465ee728b)
Start importing Assets/Prefabs/TowerUpdated.prefab using Guid(987429e45fd89a2459634b4e8a89cf05) Importer(815301076,1909f56bfc062723c751e8b465ee728b)  -> (artifact id: '806b73a89858c646fc0d9ad85b147282') in 0.035306 seconds
  Import took 0.040386 seconds .

========================================================================
Received Import Request.
  Time since last request: 0.088512 seconds.
  path: Assets/Prefabs/TowerUpdated.prefab
  artifactKey: Guid(987429e45fd89a2459634b4e8a89cf05) Importer(815301076,1909f56bfc062723c751e8b465ee728b)
Start importing Assets/Prefabs/TowerUpdated.prefab using Guid(987429e45fd89a2459634b4e8a89cf05) Importer(815301076,1909f56bfc062723c751e8b465ee728b)  -> (artifact id: '806b73a89858c646fc0d9ad85b147282') in 0.029275 seconds
  Import took 0.033986 seconds .

========================================================================
Received Import Request.
  Time since last request: 0.177074 seconds.
  path: Assets/Prefabs/TowerUpdated.prefab
  artifactKey: Guid(987429e45fd89a2459634b4e8a89cf05) Importer(815301076,1909f56bfc062723c751e8b465ee728b)
Start importing Assets/Prefabs/TowerUpdated.prefab using Guid(987429e45fd89a2459634b4e8a89cf05) Importer(815301076,1909f56bfc062723c751e8b465ee728b)  -> (artifact id: 'dd919755d8e1282563f4e5a24af049c3') in 0.030006 seconds
  Import took 0.035984 seconds .

========================================================================
Received Import Request.
  Time since last request: 0.057329 seconds.
  path: Assets/Prefabs/TowerUpdated.prefab
  artifactKey: Guid(987429e45fd89a2459634b4e8a89cf05) Importer(815301076,1909f56bfc062723c751e8b465ee728b)
Start importing Assets/Prefabs/TowerUpdated.prefab using Guid(987429e45fd89a2459634b4e8a89cf05) Importer(815301076,1909f56bfc062723c751e8b465ee728b)  -> (artifact id: 'dd919755d8e1282563f4e5a24af049c3') in 0.028231 seconds
  Import took 0.032870 seconds .

========================================================================
Received Import Request.
  Time since last request: 0.499099 seconds.
  path: Assets/Prefabs/TowerUpdated.prefab
  artifactKey: Guid(987429e45fd89a2459634b4e8a89cf05) Importer(815301076,1909f56bfc062723c751e8b465ee728b)
Start importing Assets/Prefabs/TowerUpdated.prefab using Guid(987429e45fd89a2459634b4e8a89cf05) Importer(815301076,1909f56bfc062723c751e8b465ee728b)  -> (artifact id: '4a85b0eaa1acc942fc19659fa7251aca') in 0.032454 seconds
  Import took 0.037148 seconds .

========================================================================
Received Import Request.
  Time since last request: 0.183079 seconds.
  path: Assets/Prefabs/TowerUpdated.prefab
  artifactKey: Guid(987429e45fd89a2459634b4e8a89cf05) Importer(815301076,1909f56bfc062723c751e8b465ee728b)
Start importing Assets/Prefabs/TowerUpdated.prefab using Guid(987429e45fd89a2459634b4e8a89cf05) Importer(815301076,1909f56bfc062723c751e8b465ee728b)  -> (artifact id: 'ebb6dcd4a6137a771e0fed0d36a8287a') in 0.030652 seconds
  Import took 0.035228 seconds .

========================================================================
Received Import Request.
  Time since last request: 0.054894 seconds.
  path: Assets/Prefabs/TowerUpdated.prefab
  artifactKey: Guid(987429e45fd89a2459634b4e8a89cf05) Importer(815301076,1909f56bfc062723c751e8b465ee728b)
Start importing Assets/Prefabs/TowerUpdated.prefab using Guid(987429e45fd89a2459634b4e8a89cf05) Importer(815301076,1909f56bfc062723c751e8b465ee728b)  -> (artifact id: 'ebb6dcd4a6137a771e0fed0d36a8287a') in 0.032912 seconds
  Import took 0.038309 seconds .

========================================================================
Received Import Request.
  Time since last request: 0.619543 seconds.
  path: Assets/Prefabs/TowerUpdated.prefab
  artifactKey: Guid(987429e45fd89a2459634b4e8a89cf05) Importer(815301076,1909f56bfc062723c751e8b465ee728b)
Start importing Assets/Prefabs/TowerUpdated.prefab using Guid(987429e45fd89a2459634b4e8a89cf05) Importer(815301076,1909f56bfc062723c751e8b465ee728b)  -> (artifact id: 'f57f01e31453c4b9676af5a3d644e91f') in 0.033992 seconds
  Import took 0.039728 seconds .

========================================================================
Received Import Request.
  Time since last request: 0.419948 seconds.
  path: Assets/Prefabs/TowerUpdated.prefab
  artifactKey: Guid(987429e45fd89a2459634b4e8a89cf05) Importer(815301076,1909f56bfc062723c751e8b465ee728b)
Start importing Assets/Prefabs/TowerUpdated.prefab using Guid(987429e45fd89a2459634b4e8a89cf05) Importer(815301076,1909f56bfc062723c751e8b465ee728b)  -> (artifact id: 'accd4e83bb1856dfe2ae1c4a78c0a240') in 0.034733 seconds
  Import took 0.039594 seconds .

========================================================================
Received Import Request.
  Time since last request: 0.195140 seconds.
  path: Assets/Prefabs/TowerUpdated.prefab
  artifactKey: Guid(987429e45fd89a2459634b4e8a89cf05) Importer(815301076,1909f56bfc062723c751e8b465ee728b)
Start importing Assets/Prefabs/TowerUpdated.prefab using Guid(987429e45fd89a2459634b4e8a89cf05) Importer(815301076,1909f56bfc062723c751e8b465ee728b)  -> (artifact id: '8f6c1741719e62994d1586fef70c71b1') in 0.036150 seconds
  Import took 0.040775 seconds .

========================================================================
Received Import Request.
  Time since last request: 0.205054 seconds.
  path: Assets/Prefabs/TowerUpdated.prefab
  artifactKey: Guid(987429e45fd89a2459634b4e8a89cf05) Importer(815301076,1909f56bfc062723c751e8b465ee728b)
Start importing Assets/Prefabs/TowerUpdated.prefab using Guid(987429e45fd89a2459634b4e8a89cf05) Importer(815301076,1909f56bfc062723c751e8b465ee728b)  -> (artifact id: '6d3c372f86126c068bdadcd732aececa') in 0.035249 seconds
  Import took 0.040471 seconds .

========================================================================
Received Import Request.
  Time since last request: 0.183834 seconds.
  path: Assets/Prefabs/TowerUpdated.prefab
  artifactKey: Guid(987429e45fd89a2459634b4e8a89cf05) Importer(815301076,1909f56bfc062723c751e8b465ee728b)
Start importing Assets/Prefabs/TowerUpdated.prefab using Guid(987429e45fd89a2459634b4e8a89cf05) Importer(815301076,1909f56bfc062723c751e8b465ee728b)  -> (artifact id: '7ff4bfe9d01536d91c9f0f4ba401ee42') in 0.035763 seconds
  Import took 0.040801 seconds .

========================================================================
Received Import Request.
  Time since last request: 0.205477 seconds.
  path: Assets/Prefabs/TowerUpdated.prefab
  artifactKey: Guid(987429e45fd89a2459634b4e8a89cf05) Importer(815301076,1909f56bfc062723c751e8b465ee728b)
Start importing Assets/Prefabs/TowerUpdated.prefab using Guid(987429e45fd89a2459634b4e8a89cf05) Importer(815301076,1909f56bfc062723c751e8b465ee728b)  -> (artifact id: 'f143bbce66145405618328bbd9da92fe') in 0.037467 seconds
  Import took 0.042311 seconds .

========================================================================
Received Import Request.
  Time since last request: 0.190480 seconds.
  path: Assets/Prefabs/TowerUpdated.prefab
  artifactKey: Guid(987429e45fd89a2459634b4e8a89cf05) Importer(815301076,1909f56bfc062723c751e8b465ee728b)
Start importing Assets/Prefabs/TowerUpdated.prefab using Guid(987429e45fd89a2459634b4e8a89cf05) Importer(815301076,1909f56bfc062723c751e8b465ee728b)  -> (artifact id: 'bab394ee48b677d05b9a622d0cb2cce1') in 0.039340 seconds
  Import took 0.044572 seconds .

========================================================================
Received Import Request.
  Time since last request: 0.060682 seconds.
  path: Assets/Prefabs/TowerUpdated.prefab
  artifactKey: Guid(987429e45fd89a2459634b4e8a89cf05) Importer(815301076,1909f56bfc062723c751e8b465ee728b)
Start importing Assets/Prefabs/TowerUpdated.prefab using Guid(987429e45fd89a2459634b4e8a89cf05) Importer(815301076,1909f56bfc062723c751e8b465ee728b)  -> (artifact id: 'bab394ee48b677d05b9a622d0cb2cce1') in 0.037455 seconds
  Import took 0.042403 seconds .

========================================================================
Received Import Request.
  Time since last request: 0.518808 seconds.
  path: Assets/Prefabs/TowerUpdated.prefab
  artifactKey: Guid(987429e45fd89a2459634b4e8a89cf05) Importer(815301076,1909f56bfc062723c751e8b465ee728b)
Start importing Assets/Prefabs/TowerUpdated.prefab using Guid(987429e45fd89a2459634b4e8a89cf05) Importer(815301076,1909f56bfc062723c751e8b465ee728b)  -> (artifact id: 'e76d804b3bb4d5db011931895ee4c66e') in 0.035206 seconds
  Import took 0.040959 seconds .

========================================================================
Received Import Request.
  Time since last request: 0.189309 seconds.
  path: Assets/Prefabs/TowerUpdated.prefab
  artifactKey: Guid(987429e45fd89a2459634b4e8a89cf05) Importer(815301076,1909f56bfc062723c751e8b465ee728b)
Start importing Assets/Prefabs/TowerUpdated.prefab using Guid(987429e45fd89a2459634b4e8a89cf05) Importer(815301076,1909f56bfc062723c751e8b465ee728b)  -> (artifact id: '75141403d2aa7497707f6fff088b936d') in 0.038077 seconds
  Import took 0.042726 seconds .

========================================================================
Received Import Request.
  Time since last request: 0.193378 seconds.
  path: Assets/Prefabs/TowerUpdated.prefab
  artifactKey: Guid(987429e45fd89a2459634b4e8a89cf05) Importer(815301076,1909f56bfc062723c751e8b465ee728b)
Start importing Assets/Prefabs/TowerUpdated.prefab using Guid(987429e45fd89a2459634b4e8a89cf05) Importer(815301076,1909f56bfc062723c751e8b465ee728b)  -> (artifact id: 'cc431e1f6179496a995160e43ae8dd68') in 0.041398 seconds
  Import took 0.046375 seconds .

========================================================================
Received Import Request.
  Time since last request: 0.052423 seconds.
  path: Assets/Prefabs/TowerUpdated.prefab
  artifactKey: Guid(987429e45fd89a2459634b4e8a89cf05) Importer(815301076,1909f56bfc062723c751e8b465ee728b)
Start importing Assets/Prefabs/TowerUpdated.prefab using Guid(987429e45fd89a2459634b4e8a89cf05) Importer(815301076,1909f56bfc062723c751e8b465ee728b)  -> (artifact id: 'cc431e1f6179496a995160e43ae8dd68') in 0.036575 seconds
  Import took 0.041718 seconds .

========================================================================
Received Import Request.
  Time since last request: 0.510605 seconds.
  path: Assets/Prefabs/TowerUpdated.prefab
  artifactKey: Guid(987429e45fd89a2459634b4e8a89cf05) Importer(815301076,1909f56bfc062723c751e8b465ee728b)
Start importing Assets/Prefabs/TowerUpdated.prefab using Guid(987429e45fd89a2459634b4e8a89cf05) Importer(815301076,1909f56bfc062723c751e8b465ee728b)  -> (artifact id: 'c4f58140c5691f128d7c63092bd42439') in 0.039008 seconds
  Import took 0.044777 seconds .

========================================================================
Received Import Request.
  Time since last request: 6.794481 seconds.
  path: Assets/Prefabs/TowerUpdated.prefab
  artifactKey: Guid(987429e45fd89a2459634b4e8a89cf05) Importer(815301076,1909f56bfc062723c751e8b465ee728b)
Start importing Assets/Prefabs/TowerUpdated.prefab using Guid(987429e45fd89a2459634b4e8a89cf05) Importer(815301076,1909f56bfc062723c751e8b465ee728b)  -> (artifact id: '54cbea03963ddc0faf24d3617241c224') in 0.022455 seconds
  Import took 0.025108 seconds .

========================================================================
Received Import Request.
  Time since last request: 4.165169 seconds.
  path: Assets/Prefabs/TowerUpdated.prefab
  artifactKey: Guid(987429e45fd89a2459634b4e8a89cf05) Importer(815301076,1909f56bfc062723c751e8b465ee728b)
Start importing Assets/Prefabs/TowerUpdated.prefab using Guid(987429e45fd89a2459634b4e8a89cf05) Importer(815301076,1909f56bfc062723c751e8b465ee728b)  -> (artifact id: '28443703eba90f1ca35e95ec9abd8ea6') in 0.039959 seconds
  Import took 0.045175 seconds .

========================================================================
Received Import Request.
  Time since last request: 5.353986 seconds.
  path: Assets/Prefabs/TowerUpdated.prefab
  artifactKey: Guid(987429e45fd89a2459634b4e8a89cf05) Importer(815301076,1909f56bfc062723c751e8b465ee728b)
Start importing Assets/Prefabs/TowerUpdated.prefab using Guid(987429e45fd89a2459634b4e8a89cf05) Importer(815301076,1909f56bfc062723c751e8b465ee728b)  -> (artifact id: 'ff2fb98f1ed8b186f36087d3fbf4a466') in 0.037537 seconds
  Import took 0.042376 seconds .

========================================================================
Received Import Request.
  Time since last request: 0.031372 seconds.
  path: Assets/Prefabs/TowerUpdated.prefab
  artifactKey: Guid(987429e45fd89a2459634b4e8a89cf05) Importer(815301076,1909f56bfc062723c751e8b465ee728b)
Start importing Assets/Prefabs/TowerUpdated.prefab using Guid(987429e45fd89a2459634b4e8a89cf05) Importer(815301076,1909f56bfc062723c751e8b465ee728b)  -> (artifact id: 'ff2fb98f1ed8b186f36087d3fbf4a466') in 0.031072 seconds
  Import took 0.037733 seconds .

========================================================================
Received Import Request.
  Time since last request: 4.988190 seconds.
  path: Assets/Prefabs/TowerUpdated.prefab
  artifactKey: Guid(987429e45fd89a2459634b4e8a89cf05) Importer(815301076,1909f56bfc062723c751e8b465ee728b)
Start importing Assets/Prefabs/TowerUpdated.prefab using Guid(987429e45fd89a2459634b4e8a89cf05) Importer(815301076,1909f56bfc062723c751e8b465ee728b)  -> (artifact id: '59aeb4c40ab219f9e2dbcafefb147837') in 0.021492 seconds
  Import took 0.024104 seconds .

========================================================================
Received Import Request.
  Time since last request: 4.677605 seconds.
  path: Assets/Prefabs/TowerUpdated.prefab
  artifactKey: Guid(987429e45fd89a2459634b4e8a89cf05) Importer(815301076,1909f56bfc062723c751e8b465ee728b)
Start importing Assets/Prefabs/TowerUpdated.prefab using Guid(987429e45fd89a2459634b4e8a89cf05) Importer(815301076,1909f56bfc062723c751e8b465ee728b)  -> (artifact id: '81226f5e42b5bbaca777ac9ce8d9c0fc') in 0.039264 seconds
  Import took 0.044305 seconds .

========================================================================
Received Import Request.
  Time since last request: 2.939385 seconds.
  path: Assets/Prefabs/TowerUpdated.prefab
  artifactKey: Guid(987429e45fd89a2459634b4e8a89cf05) Importer(815301076,1909f56bfc062723c751e8b465ee728b)
Start importing Assets/Prefabs/TowerUpdated.prefab using Guid(987429e45fd89a2459634b4e8a89cf05) Importer(815301076,1909f56bfc062723c751e8b465ee728b)  -> (artifact id: 'f8dbee1c872185c2b1159b79f9285b30') in 0.023397 seconds
  Import took 0.026684 seconds .

========================================================================
Received Import Request.
  Time since last request: 4.225957 seconds.
  path: Assets/Prefabs/TowerUpdated.prefab
  artifactKey: Guid(987429e45fd89a2459634b4e8a89cf05) Importer(815301076,1909f56bfc062723c751e8b465ee728b)
Start importing Assets/Prefabs/TowerUpdated.prefab using Guid(987429e45fd89a2459634b4e8a89cf05) Importer(815301076,1909f56bfc062723c751e8b465ee728b)  -> (artifact id: 'e37aaa9f0758286b5ef900835886573a') in 0.040927 seconds
  Import took 0.045634 seconds .

========================================================================
Received Import Request.
  Time since last request: 4.164722 seconds.
  path: Assets/Prefabs/TowerUpdated.prefab
  artifactKey: Guid(987429e45fd89a2459634b4e8a89cf05) Importer(815301076,1909f56bfc062723c751e8b465ee728b)
Start importing Assets/Prefabs/TowerUpdated.prefab using Guid(987429e45fd89a2459634b4e8a89cf05) Importer(815301076,1909f56bfc062723c751e8b465ee728b)  -> (artifact id: 'd2527a731a5d069a24154a81abe779aa') in 0.038021 seconds
  Import took 0.042858 seconds .

========================================================================
Received Import Request.
  Time since last request: 3.763713 seconds.
  path: Assets/Prefabs/TowerUpdated.prefab
  artifactKey: Guid(987429e45fd89a2459634b4e8a89cf05) Importer(815301076,1909f56bfc062723c751e8b465ee728b)
Start importing Assets/Prefabs/TowerUpdated.prefab using Guid(987429e45fd89a2459634b4e8a89cf05) Importer(815301076,1909f56bfc062723c751e8b465ee728b)  -> (artifact id: '6982d131cc76f6f383f9bf1a753f625e') in 0.023041 seconds
  Import took 0.025712 seconds .

========================================================================
Received Import Request.
  Time since last request: 3.750093 seconds.
  path: Assets/Prefabs/TowerUpdated.prefab
  artifactKey: Guid(987429e45fd89a2459634b4e8a89cf05) Importer(815301076,1909f56bfc062723c751e8b465ee728b)
Start importing Assets/Prefabs/TowerUpdated.prefab using Guid(987429e45fd89a2459634b4e8a89cf05) Importer(815301076,1909f56bfc062723c751e8b465ee728b)  -> (artifact id: 'f78e7fa828e4335291b1de98f32ac727') in 0.037313 seconds
  Import took 0.041965 seconds .

========================================================================
Received Import Request.
  Time since last request: 4.985509 seconds.
  path: Assets/Prefabs/TowerUpdated.prefab
  artifactKey: Guid(987429e45fd89a2459634b4e8a89cf05) Importer(815301076,1909f56bfc062723c751e8b465ee728b)
Start importing Assets/Prefabs/TowerUpdated.prefab using Guid(987429e45fd89a2459634b4e8a89cf05) Importer(815301076,1909f56bfc062723c751e8b465ee728b)  -> (artifact id: '1dcc4a8a85c8e40bbdfb09b68173590b') in 0.022537 seconds
  Import took 0.025231 seconds .

========================================================================
Received Import Request.
  Time since last request: 3.376700 seconds.
  path: Assets/Prefabs/TowerUpdated.prefab
  artifactKey: Guid(987429e45fd89a2459634b4e8a89cf05) Importer(815301076,1909f56bfc062723c751e8b465ee728b)
Start importing Assets/Prefabs/TowerUpdated.prefab using Guid(987429e45fd89a2459634b4e8a89cf05) Importer(815301076,1909f56bfc062723c751e8b465ee728b)  -> (artifact id: 'b20a5e8fce8b82bdd4702e0b623c4a6c') in 0.039744 seconds
  Import took 0.045019 seconds .

========================================================================
Received Import Request.
  Time since last request: 2.755700 seconds.
  path: Assets/Prefabs/TowerUpdated.prefab
  artifactKey: Guid(987429e45fd89a2459634b4e8a89cf05) Importer(815301076,1909f56bfc062723c751e8b465ee728b)
Start importing Assets/Prefabs/TowerUpdated.prefab using Guid(987429e45fd89a2459634b4e8a89cf05) Importer(815301076,1909f56bfc062723c751e8b465ee728b)  -> (artifact id: 'd88c71516bb97bda69ee0b80bc0f6d79') in 0.038334 seconds
  Import took 0.043999 seconds .

========================================================================
Received Import Request.
  Time since last request: 2.841759 seconds.
  path: Assets/Prefabs/TowerUpdated.prefab
  artifactKey: Guid(987429e45fd89a2459634b4e8a89cf05) Importer(815301076,1909f56bfc062723c751e8b465ee728b)
Start importing Assets/Prefabs/TowerUpdated.prefab using Guid(987429e45fd89a2459634b4e8a89cf05) Importer(815301076,1909f56bfc062723c751e8b465ee728b)  -> (artifact id: 'ce6b986d150b6e28c557a1f4bd47b360') in 0.043543 seconds
  Import took 0.049173 seconds .

========================================================================
Received Import Request.
  Time since last request: 9.637644 seconds.
  path: Assets/Prefabs/TowerUpdated.prefab
  artifactKey: Guid(987429e45fd89a2459634b4e8a89cf05) Importer(815301076,1909f56bfc062723c751e8b465ee728b)
Start importing Assets/Prefabs/TowerUpdated.prefab using Guid(987429e45fd89a2459634b4e8a89cf05) Importer(815301076,1909f56bfc062723c751e8b465ee728b)  -> (artifact id: 'dd31834b8e1762f46012e78cbc4974c3') in 0.021005 seconds
  Import took 0.023610 seconds .

========================================================================
Received Import Request.
  Time since last request: 3.851928 seconds.
  path: Assets/Prefabs/TowerUpdated.prefab
  artifactKey: Guid(987429e45fd89a2459634b4e8a89cf05) Importer(815301076,1909f56bfc062723c751e8b465ee728b)
Start importing Assets/Prefabs/TowerUpdated.prefab using Guid(987429e45fd89a2459634b4e8a89cf05) Importer(815301076,1909f56bfc062723c751e8b465ee728b)  -> (artifact id: 'b41dc8510c429d633c3b724fb10a37f7') in 0.021055 seconds
  Import took 0.024240 seconds .

========================================================================
Received Import Request.
  Time since last request: 6.367410 seconds.
  path: Assets/Prefabs/TowerUpdated.prefab
  artifactKey: Guid(987429e45fd89a2459634b4e8a89cf05) Importer(815301076,1909f56bfc062723c751e8b465ee728b)
Start importing Assets/Prefabs/TowerUpdated.prefab using Guid(987429e45fd89a2459634b4e8a89cf05) Importer(815301076,1909f56bfc062723c751e8b465ee728b)  -> (artifact id: 'a6f1e534bc2f9d16583d46b48f14ab3e') in 0.039928 seconds
  Import took 0.044739 seconds .

========================================================================
Received Import Request.
  Time since last request: 4.472554 seconds.
  path: Assets/Prefabs/TowerUpdated.prefab
  artifactKey: Guid(987429e45fd89a2459634b4e8a89cf05) Importer(815301076,1909f56bfc062723c751e8b465ee728b)
Start importing Assets/Prefabs/TowerUpdated.prefab using Guid(987429e45fd89a2459634b4e8a89cf05) Importer(815301076,1909f56bfc062723c751e8b465ee728b)  -> (artifact id: 'c892c7fca0bca9f446247080ffb1fa22') in 0.038150 seconds
  Import took 0.043068 seconds .

========================================================================
Received Import Request.
  Time since last request: 0.031810 seconds.
  path: Assets/Prefabs/TowerUpdated.prefab
  artifactKey: Guid(987429e45fd89a2459634b4e8a89cf05) Importer(815301076,1909f56bfc062723c751e8b465ee728b)
Start importing Assets/Prefabs/TowerUpdated.prefab using Guid(987429e45fd89a2459634b4e8a89cf05) Importer(815301076,1909f56bfc062723c751e8b465ee728b)  -> (artifact id: 'c892c7fca0bca9f446247080ffb1fa22') in 0.033091 seconds
  Import took 0.037785 seconds .

========================================================================
Received Import Request.
  Time since last request: 5.483210 seconds.
  path: Assets/Prefabs/TowerUpdated.prefab
  artifactKey: Guid(987429e45fd89a2459634b4e8a89cf05) Importer(815301076,1909f56bfc062723c751e8b465ee728b)
Start importing Assets/Prefabs/TowerUpdated.prefab using Guid(987429e45fd89a2459634b4e8a89cf05) Importer(815301076,1909f56bfc062723c751e8b465ee728b)  -> (artifact id: '0babb89845c55014a9c23dfe11c78e1c') in 0.021583 seconds
  Import took 0.024308 seconds .

========================================================================
Received Import Request.
  Time since last request: 5.567646 seconds.
  path: Assets/Prefabs/TowerUpdated.prefab
  artifactKey: Guid(987429e45fd89a2459634b4e8a89cf05) Importer(815301076,1909f56bfc062723c751e8b465ee728b)
Start importing Assets/Prefabs/TowerUpdated.prefab using Guid(987429e45fd89a2459634b4e8a89cf05) Importer(815301076,1909f56bfc062723c751e8b465ee728b)  -> (artifact id: '9fef7f57cdbfad3f50051541bad79d7d') in 0.045556 seconds
  Import took 0.050977 seconds .

========================================================================
Received Import Request.
  Time since last request: 0.027919 seconds.
  path: Assets/Prefabs/TowerUpdated.prefab
  artifactKey: Guid(987429e45fd89a2459634b4e8a89cf05) Importer(815301076,1909f56bfc062723c751e8b465ee728b)
Start importing Assets/Prefabs/TowerUpdated.prefab using Guid(987429e45fd89a2459634b4e8a89cf05) Importer(815301076,1909f56bfc062723c751e8b465ee728b)  -> (artifact id: '9fef7f57cdbfad3f50051541bad79d7d') in 0.036004 seconds
  Import took 0.041407 seconds .

========================================================================
Received Import Request.
  Time since last request: 5.823396 seconds.
  path: Assets/Prefabs/TowerUpdated.prefab
  artifactKey: Guid(987429e45fd89a2459634b4e8a89cf05) Importer(815301076,1909f56bfc062723c751e8b465ee728b)
Start importing Assets/Prefabs/TowerUpdated.prefab using Guid(987429e45fd89a2459634b4e8a89cf05) Importer(815301076,1909f56bfc062723c751e8b465ee728b)  -> (artifact id: 'a7dc1f74468ae607710d6b8018c62834') in 0.036890 seconds
  Import took 0.042698 seconds .

========================================================================
Received Import Request.
  Time since last request: 6.092626 seconds.
  path: Assets/Prefabs/TowerUpdated.prefab
  artifactKey: Guid(987429e45fd89a2459634b4e8a89cf05) Importer(815301076,1909f56bfc062723c751e8b465ee728b)
Start importing Assets/Prefabs/TowerUpdated.prefab using Guid(987429e45fd89a2459634b4e8a89cf05) Importer(815301076,1909f56bfc062723c751e8b465ee728b)  -> (artifact id: '0519d8a964bf069257ad657288b67f7b') in 0.037840 seconds
  Import took 0.043452 seconds .

========================================================================
Received Import Request.
  Time since last request: 3.225623 seconds.
  path: Assets/Prefabs/TowerUpdated.prefab
  artifactKey: Guid(987429e45fd89a2459634b4e8a89cf05) Importer(815301076,1909f56bfc062723c751e8b465ee728b)
Start importing Assets/Prefabs/TowerUpdated.prefab using Guid(987429e45fd89a2459634b4e8a89cf05) Importer(815301076,1909f56bfc062723c751e8b465ee728b)  -> (artifact id: '5934b98dc5052ccc76462b8fef2a9dae') in 0.021826 seconds
  Import took 0.024386 seconds .

========================================================================
Received Import Request.
  Time since last request: 5.191583 seconds.
  path: Assets/Prefabs/TowerUpdated.prefab
  artifactKey: Guid(987429e45fd89a2459634b4e8a89cf05) Importer(815301076,1909f56bfc062723c751e8b465ee728b)
Start importing Assets/Prefabs/TowerUpdated.prefab using Guid(987429e45fd89a2459634b4e8a89cf05) Importer(815301076,1909f56bfc062723c751e8b465ee728b)  -> (artifact id: 'fbe282cc6ae024c4ba1bd5df4aa57e33') in 0.037386 seconds
  Import took 0.042755 seconds .

========================================================================
Received Import Request.
  Time since last request: 3.194301 seconds.
  path: Assets/Prefabs/TowerUpdated.prefab
  artifactKey: Guid(987429e45fd89a2459634b4e8a89cf05) Importer(815301076,1909f56bfc062723c751e8b465ee728b)
Start importing Assets/Prefabs/TowerUpdated.prefab using Guid(987429e45fd89a2459634b4e8a89cf05) Importer(815301076,1909f56bfc062723c751e8b465ee728b)  -> (artifact id: '058dc1bb800a5faf393f98b5edd55c31') in 0.020488 seconds
  Import took 0.023451 seconds .

========================================================================
Received Import Request.
  Time since last request: 4.676403 seconds.
  path: Assets/Prefabs/TowerUpdated.prefab
  artifactKey: Guid(987429e45fd89a2459634b4e8a89cf05) Importer(815301076,1909f56bfc062723c751e8b465ee728b)
Start importing Assets/Prefabs/TowerUpdated.prefab using Guid(987429e45fd89a2459634b4e8a89cf05) Importer(815301076,1909f56bfc062723c751e8b465ee728b)  -> (artifact id: '00473dec921e10af6f3fd7da24a39602') in 0.021608 seconds
  Import took 0.024969 seconds .

========================================================================
Received Import Request.
  Time since last request: 0.002573 seconds.
  path: Assets/Prefabs/TowerUpdated.prefab
  artifactKey: Guid(987429e45fd89a2459634b4e8a89cf05) Importer(815301076,1909f56bfc062723c751e8b465ee728b)
Start importing Assets/Prefabs/TowerUpdated.prefab using Guid(987429e45fd89a2459634b4e8a89cf05) Importer(815301076,1909f56bfc062723c751e8b465ee728b)  -> (artifact id: '00473dec921e10af6f3fd7da24a39602') in 0.019323 seconds
  Import took 0.022374 seconds .

========================================================================
Received Import Request.
  Time since last request: 3.898989 seconds.
  path: Assets/Prefabs/TowerUpdated.prefab
  artifactKey: Guid(987429e45fd89a2459634b4e8a89cf05) Importer(815301076,1909f56bfc062723c751e8b465ee728b)
Start importing Assets/Prefabs/TowerUpdated.prefab using Guid(987429e45fd89a2459634b4e8a89cf05) Importer(815301076,1909f56bfc062723c751e8b465ee728b)  -> (artifact id: '18b914b49400c70e135f81cb30955d77') in 0.038542 seconds
  Import took 0.043358 seconds .

========================================================================
Received Import Request.
  Time since last request: 6.779161 seconds.
  path: Assets/Prefabs/TowerUpdated.prefab
  artifactKey: Guid(987429e45fd89a2459634b4e8a89cf05) Importer(815301076,1909f56bfc062723c751e8b465ee728b)
Start importing Assets/Prefabs/TowerUpdated.prefab using Guid(987429e45fd89a2459634b4e8a89cf05) Importer(815301076,1909f56bfc062723c751e8b465ee728b)  -> (artifact id: '35ac3062d2b604956b5bed70b26a3571') in 0.020303 seconds
  Import took 0.022874 seconds .

========================================================================
Received Import Request.
  Time since last request: 5.280295 seconds.
  path: Assets/Prefabs/TowerUpdated.prefab
  artifactKey: Guid(987429e45fd89a2459634b4e8a89cf05) Importer(815301076,1909f56bfc062723c751e8b465ee728b)
Start importing Assets/Prefabs/TowerUpdated.prefab using Guid(987429e45fd89a2459634b4e8a89cf05) Importer(815301076,1909f56bfc062723c751e8b465ee728b)  -> (artifact id: '61d79e0b287b81f62de6cfec97d42976') in 0.040182 seconds
  Import took 0.045196 seconds .

========================================================================
Received Import Request.
  Time since last request: 3.882242 seconds.
  path: Assets/Prefabs/TowerUpdated.prefab
  artifactKey: Guid(987429e45fd89a2459634b4e8a89cf05) Importer(815301076,1909f56bfc062723c751e8b465ee728b)
Start importing Assets/Prefabs/TowerUpdated.prefab using Guid(987429e45fd89a2459634b4e8a89cf05) Importer(815301076,1909f56bfc062723c751e8b465ee728b)  -> (artifact id: 'f35e7a5d79424cbf80229daf41ed54c1') in 0.021399 seconds
  Import took 0.024424 seconds .

========================================================================
Received Prepare
Registering precompiled user dll's ...
Registered in 0.000643 seconds.
Begin MonoManager ReloadAssembly
Native extension for WindowsStandalone target not found
Refreshing native plugins compatible for Editor in 0.22 ms, found 0 plugins.
Preloading 0 native plugins for Editor in 0.00 ms.
Invoked RoslynAnalysisRunner static constructor.
RoslynAnalysisRunner will not be running.
RoslynAnalysisRunner has terminated.
Mono: successfully reloaded assembly
- Completed reload, in  0.729 seconds
Platform modules already initialized, skipping
Switching build target platform(5) subTarget(0) extendedPlatform(0) -> platform(13) subTarget(537395200) extendedPlatform(0)
Refreshing native plugins compatible for Editor in 0.19 ms, found 0 plugins.
Preloading 0 native plugins for Editor in 0.00 ms.
Unloading 1156 Unused Serialized files (Serialized files now loaded: 0)
System memory in use before: 64.2 MB.
System memory in use after: 64.2 MB.

Unloading 6 unused Assets to reduce memory usage. Loaded Objects now: 1652.
Total: 1.442900 ms (FindLiveObjects: 0.117200 ms CreateObjectMapping: 0.029700 ms MarkObjects: 1.251400 ms  DeleteObjects: 0.043700 ms)

AssetImportParameters requested are different than current active one (requested -> active):
  custom:graphics/normal-map-encoding: 01000000000000000000000000000000 -> 02000000000000000000000000000000
========================================================================
Received Import Request.
  Time since last request: 251.952214 seconds.
  path: Assets/Material/towerPiece.mat
  artifactKey: Guid(95053d4f737e1e14ebe3cd51eda994cc) Importer(815301076,1909f56bfc062723c751e8b465ee728b)
Start importing Assets/Material/towerPiece.mat using Guid(95053d4f737e1e14ebe3cd51eda994cc) Importer(815301076,1909f56bfc062723c751e8b465ee728b)  -> (artifact id: '0fd85b585a3cfe1d3e215d2ebeb45409') in 0.098530 seconds
  Import took 0.103553 seconds .

========================================================================
Received Import Request.
  Time since last request: 9.727968 seconds.
  path: Assets/Material/Arrow.mat
  artifactKey: Guid(86861a8cd2103804692196e7af426e51) Importer(815301076,1909f56bfc062723c751e8b465ee728b)
Start importing Assets/Material/Arrow.mat using Guid(86861a8cd2103804692196e7af426e51) Importer(815301076,1909f56bfc062723c751e8b465ee728b)  -> (artifact id: '1f92115deecc8b7949dd9b9c1205fd4e') in 0.011479 seconds
  Import took 0.013774 seconds .

========================================================================
Received Import Request.
  Time since last request: 182.611943 seconds.
  path: Assets/Scripts/Behaviours/ArrowBehaviour.cs
  artifactKey: Guid(e73f616b5abfafe4b8d9f63c8159dc7d) Importer(815301076,1909f56bfc062723c751e8b465ee728b)
Start importing Assets/Scripts/Behaviours/ArrowBehaviour.cs using Guid(e73f616b5abfafe4b8d9f63c8159dc7d) Importer(815301076,1909f56bfc062723c751e8b465ee728b)  -> (artifact id: 'f3803aa0420d7ff014ab85f0e5aa4714') in 0.010412 seconds
  Import took 0.013044 seconds .

========================================================================
Received Prepare
Registering precompiled user dll's ...
Registered in 0.000949 seconds.
Begin MonoManager ReloadAssembly
Native extension for WindowsStandalone target not found
Refreshing native plugins compatible for Editor in 0.30 ms, found 0 plugins.
Preloading 0 native plugins for Editor in 0.00 ms.
Invoked RoslynAnalysisRunner static constructor.
RoslynAnalysisRunner will not be running.
RoslynAnalysisRunner has terminated.
Mono: successfully reloaded assembly
- Completed reload, in  1.486 seconds
Platform modules already initialized, skipping
Switching build target platform(5) subTarget(0) extendedPlatform(0) -> platform(13) subTarget(537395200) extendedPlatform(0)
Refreshing native plugins compatible for Editor in 0.35 ms, found 0 plugins.
Preloading 0 native plugins for Editor in 0.00 ms.
Unloading 1157 Unused Serialized files (Serialized files now loaded: 0)
System memory in use before: 64.2 MB.
System memory in use after: 64.3 MB.

Unloading 5 unused Assets to reduce memory usage. Loaded Objects now: 1667.
Total: 3.067900 ms (FindLiveObjects: 0.314600 ms CreateObjectMapping: 0.060800 ms MarkObjects: 2.523600 ms  DeleteObjects: 0.145100 ms)

AssetImportParameters requested are different than current active one (requested -> active):
  custom:graphics/normal-map-encoding: 01000000000000000000000000000000 -> 02000000000000000000000000000000
========================================================================
Received Import Request.
  Time since last request: 12.023406 seconds.
  path: Assets/Scripts/Components/BallComponent.cs
  artifactKey: Guid(4ff1b9d21cac87c459157eea84b01347) Importer(815301076,1909f56bfc062723c751e8b465ee728b)
Start importing Assets/Scripts/Components/BallComponent.cs using Guid(4ff1b9d21cac87c459157eea84b01347) Importer(815301076,1909f56bfc062723c751e8b465ee728b)  -> (artifact id: '1b19eaf3d9024a983aaeeb4f287aef08') in 0.014138 seconds
  Import took 0.017915 seconds .

========================================================================
Received Import Request.
  Time since last request: 9.217658 seconds.
  path: Assets/Scripts/Components/ArrowComponent.cs
  artifactKey: Guid(17455941156f99a468aa9ea71d8314a0) Importer(815301076,1909f56bfc062723c751e8b465ee728b)
Start importing Assets/Scripts/Components/ArrowComponent.cs using Guid(17455941156f99a468aa9ea71d8314a0) Importer(815301076,1909f56bfc062723c751e8b465ee728b)  -> (artifact id: '3861eec6ccc3fb4c59584a4310b44ff5') in 0.005719 seconds
  Import took 0.007619 seconds .

========================================================================
Received Prepare
Registering precompiled user dll's ...
Registered in 0.001035 seconds.
Begin MonoManager ReloadAssembly
Native extension for WindowsStandalone target not found
Refreshing native plugins compatible for Editor in 0.55 ms, found 0 plugins.
Preloading 0 native plugins for Editor in 0.00 ms.
Invoked RoslynAnalysisRunner static constructor.
RoslynAnalysisRunner will not be running.
RoslynAnalysisRunner has terminated.
Mono: successfully reloaded assembly
- Completed reload, in  1.577 seconds
Platform modules already initialized, skipping
Switching build target platform(5) subTarget(0) extendedPlatform(0) -> platform(13) subTarget(537395200) extendedPlatform(0)
Refreshing native plugins compatible for Editor in 0.30 ms, found 0 plugins.
Preloading 0 native plugins for Editor in 0.00 ms.
Unloading 1158 Unused Serialized files (Serialized files now loaded: 0)
System memory in use before: 64.3 MB.
System memory in use after: 64.3 MB.

Unloading 5 unused Assets to reduce memory usage. Loaded Objects now: 1671.
Total: 2.878200 ms (FindLiveObjects: 0.184700 ms CreateObjectMapping: 0.053200 ms MarkObjects: 2.515000 ms  DeleteObjects: 0.123800 ms)

AssetImportParameters requested are different than current active one (requested -> active):
  custom:graphics/normal-map-encoding: 01000000000000000000000000000000 -> 02000000000000000000000000000000
========================================================================
Received Prepare
Registering precompiled user dll's ...
Registered in 0.001458 seconds.
Begin MonoManager ReloadAssembly
Native extension for WindowsStandalone target not found
Refreshing native plugins compatible for Editor in 0.22 ms, found 0 plugins.
Preloading 0 native plugins for Editor in 0.00 ms.
Invoked RoslynAnalysisRunner static constructor.
RoslynAnalysisRunner will not be running.
RoslynAnalysisRunner has terminated.
Mono: successfully reloaded assembly
- Completed reload, in  1.325 seconds
Platform modules already initialized, skipping
Switching build target platform(5) subTarget(0) extendedPlatform(0) -> platform(13) subTarget(537395200) extendedPlatform(0)
Refreshing native plugins compatible for Editor in 0.33 ms, found 0 plugins.
Preloading 0 native plugins for Editor in 0.00 ms.
Unloading 1158 Unused Serialized files (Serialized files now loaded: 0)
System memory in use before: 64.3 MB.
System memory in use after: 64.3 MB.

Unloading 5 unused Assets to reduce memory usage. Loaded Objects now: 1674.
Total: 2.901100 ms (FindLiveObjects: 0.362800 ms CreateObjectMapping: 0.101000 ms MarkObjects: 2.234400 ms  DeleteObjects: 0.201600 ms)

AssetImportParameters requested are different than current active one (requested -> active):
  custom:graphics/normal-map-encoding: 01000000000000000000000000000000 -> 02000000000000000000000000000000
========================================================================
Received Import Request.
  Time since last request: 828.837950 seconds.
  path: ProjectSettings/TagManager.asset
  artifactKey: Guid(00000000000000003000000000000000) Importer(815301076,1909f56bfc062723c751e8b465ee728b)
Start importing ProjectSettings/TagManager.asset using Guid(00000000000000003000000000000000) Importer(815301076,1909f56bfc062723c751e8b465ee728b)  -> (artifact id: 'b31e5227c8bf31d8aba01e1d0b1e5348') in 0.016846 seconds
  Import took 0.019240 seconds .

========================================================================
Received Import Request.
  Time since last request: 19.102785 seconds.
  path: Assets/Prefabs/TowerUpdated.prefab
  artifactKey: Guid(987429e45fd89a2459634b4e8a89cf05) Importer(815301076,1909f56bfc062723c751e8b465ee728b)
Start importing Assets/Prefabs/TowerUpdated.prefab using Guid(987429e45fd89a2459634b4e8a89cf05) Importer(815301076,1909f56bfc062723c751e8b465ee728b)  -> (artifact id: '9cfc29fe45557555d6402013b1fac5ba') in 0.114289 seconds
  Import took 0.119278 seconds .

========================================================================
Received Prepare
Registering precompiled user dll's ...
Registered in 0.001090 seconds.
Begin MonoManager ReloadAssembly
Native extension for WindowsStandalone target not found
Refreshing native plugins compatible for Editor in 0.24 ms, found 0 plugins.
Preloading 0 native plugins for Editor in 0.00 ms.
Invoked RoslynAnalysisRunner static constructor.
RoslynAnalysisRunner will not be running.
RoslynAnalysisRunner has terminated.
Mono: successfully reloaded assembly
- Completed reload, in  1.395 seconds
Platform modules already initialized, skipping
Switching build target platform(5) subTarget(0) extendedPlatform(0) -> platform(13) subTarget(537395200) extendedPlatform(0)
Refreshing native plugins compatible for Editor in 0.44 ms, found 0 plugins.
Preloading 0 native plugins for Editor in 0.00 ms.
Unloading 1158 Unused Serialized files (Serialized files now loaded: 0)
System memory in use before: 64.3 MB.
System memory in use after: 64.4 MB.

Unloading 7 unused Assets to reduce memory usage. Loaded Objects now: 1678.
Total: 2.865900 ms (FindLiveObjects: 0.440700 ms CreateObjectMapping: 0.108700 ms MarkObjects: 2.160200 ms  DeleteObjects: 0.155500 ms)

AssetImportParameters requested are different than current active one (requested -> active):
  custom:graphics/normal-map-encoding: 01000000000000000000000000000000 -> 02000000000000000000000000000000
========================================================================
Received Prepare
Registering precompiled user dll's ...
Registered in 0.000479 seconds.
Begin MonoManager ReloadAssembly
Native extension for WindowsStandalone target not found
Refreshing native plugins compatible for Editor in 0.19 ms, found 0 plugins.
Preloading 0 native plugins for Editor in 0.00 ms.
Invoked RoslynAnalysisRunner static constructor.
RoslynAnalysisRunner will not be running.
RoslynAnalysisRunner has terminated.
Mono: successfully reloaded assembly
- Completed reload, in  0.695 seconds
Platform modules already initialized, skipping
Switching build target platform(5) subTarget(0) extendedPlatform(0) -> platform(13) subTarget(537395200) extendedPlatform(0)
Refreshing native plugins compatible for Editor in 0.19 ms, found 0 plugins.
Preloading 0 native plugins for Editor in 0.00 ms.
Unloading 1158 Unused Serialized files (Serialized files now loaded: 0)
System memory in use before: 64.3 MB.
System memory in use after: 64.4 MB.

Unloading 5 unused Assets to reduce memory usage. Loaded Objects now: 1681.
Total: 1.359300 ms (FindLiveObjects: 0.121200 ms CreateObjectMapping: 0.030700 ms MarkObjects: 1.168300 ms  DeleteObjects: 0.038200 ms)

AssetImportParameters requested are different than current active one (requested -> active):
  custom:graphics/normal-map-encoding: 01000000000000000000000000000000 -> 02000000000000000000000000000000
========================================================================
Received Prepare
Registering precompiled user dll's ...
Registered in 0.001617 seconds.
Begin MonoManager ReloadAssembly
Native extension for WindowsStandalone target not found
Refreshing native plugins compatible for Editor in 0.27 ms, found 0 plugins.
Preloading 0 native plugins for Editor in 0.00 ms.
Invoked RoslynAnalysisRunner static constructor.
RoslynAnalysisRunner will not be running.
RoslynAnalysisRunner has terminated.
Mono: successfully reloaded assembly
- Completed reload, in  1.371 seconds
Platform modules already initialized, skipping
Switching build target platform(5) subTarget(0) extendedPlatform(0) -> platform(13) subTarget(537395200) extendedPlatform(0)
Refreshing native plugins compatible for Editor in 0.28 ms, found 0 plugins.
Preloading 0 native plugins for Editor in 0.00 ms.
Unloading 1158 Unused Serialized files (Serialized files now loaded: 0)
System memory in use before: 64.3 MB.
System memory in use after: 64.4 MB.

Unloading 5 unused Assets to reduce memory usage. Loaded Objects now: 1684.
Total: 2.722400 ms (FindLiveObjects: 0.184100 ms CreateObjectMapping: 0.050800 ms MarkObjects: 2.388100 ms  DeleteObjects: 0.098300 ms)

AssetImportParameters requested are different than current active one (requested -> active):
  custom:graphics/normal-map-encoding: 01000000000000000000000000000000 -> 02000000000000000000000000000000
========================================================================
Received Prepare
Registering precompiled user dll's ...
Registered in 0.000736 seconds.
Begin MonoManager ReloadAssembly
Native extension for WindowsStandalone target not found
Refreshing native plugins compatible for Editor in 0.43 ms, found 0 plugins.
Preloading 0 native plugins for Editor in 0.00 ms.
Invoked RoslynAnalysisRunner static constructor.
RoslynAnalysisRunner will not be running.
RoslynAnalysisRunner has terminated.
Mono: successfully reloaded assembly
- Completed reload, in  1.514 seconds
Platform modules already initialized, skipping
Switching build target platform(5) subTarget(0) extendedPlatform(0) -> platform(13) subTarget(537395200) extendedPlatform(0)
Refreshing native plugins compatible for Editor in 0.31 ms, found 0 plugins.
Preloading 0 native plugins for Editor in 0.00 ms.
Unloading 1158 Unused Serialized files (Serialized files now loaded: 0)
System memory in use before: 64.3 MB.
System memory in use after: 64.4 MB.

Unloading 5 unused Assets to reduce memory usage. Loaded Objects now: 1687.
Total: 2.879200 ms (FindLiveObjects: 0.237600 ms CreateObjectMapping: 0.061600 ms MarkObjects: 2.493700 ms  DeleteObjects: 0.084900 ms)

AssetImportParameters requested are different than current active one (requested -> active):
  custom:graphics/normal-map-encoding: 01000000000000000000000000000000 -> 02000000000000000000000000000000
========================================================================
Received Prepare
Registering precompiled user dll's ...
Registered in 0.000750 seconds.
Begin MonoManager ReloadAssembly
Native extension for WindowsStandalone target not found
Refreshing native plugins compatible for Editor in 0.41 ms, found 0 plugins.
Preloading 0 native plugins for Editor in 0.00 ms.
Invoked RoslynAnalysisRunner static constructor.
RoslynAnalysisRunner will not be running.
RoslynAnalysisRunner has terminated.
Mono: successfully reloaded assembly
- Completed reload, in  1.280 seconds
Platform modules already initialized, skipping
Switching build target platform(5) subTarget(0) extendedPlatform(0) -> platform(13) subTarget(537395200) extendedPlatform(0)
Refreshing native plugins compatible for Editor in 0.30 ms, found 0 plugins.
Preloading 0 native plugins for Editor in 0.00 ms.
Unloading 1158 Unused Serialized files (Serialized files now loaded: 0)
System memory in use before: 64.3 MB.
System memory in use after: 64.4 MB.

Unloading 5 unused Assets to reduce memory usage. Loaded Objects now: 1690.
Total: 2.740300 ms (FindLiveObjects: 0.230500 ms CreateObjectMapping: 0.070400 ms MarkObjects: 2.350400 ms  DeleteObjects: 0.086900 ms)

AssetImportParameters requested are different than current active one (requested -> active):
  custom:graphics/normal-map-encoding: 01000000000000000000000000000000 -> 02000000000000000000000000000000
========================================================================
Received Prepare
Registering precompiled user dll's ...
Registered in 0.000781 seconds.
Begin MonoManager ReloadAssembly
Native extension for WindowsStandalone target not found
Refreshing native plugins compatible for Editor in 0.46 ms, found 0 plugins.
Preloading 0 native plugins for Editor in 0.00 ms.
Invoked RoslynAnalysisRunner static constructor.
RoslynAnalysisRunner will not be running.
RoslynAnalysisRunner has terminated.
Mono: successfully reloaded assembly
- Completed reload, in  1.426 seconds
Platform modules already initialized, skipping
Switching build target platform(5) subTarget(0) extendedPlatform(0) -> platform(13) subTarget(537395200) extendedPlatform(0)
Refreshing native plugins compatible for Editor in 0.27 ms, found 0 plugins.
Preloading 0 native plugins for Editor in 0.00 ms.
Unloading 1158 Unused Serialized files (Serialized files now loaded: 0)
System memory in use before: 64.3 MB.
System memory in use after: 64.4 MB.

Unloading 5 unused Assets to reduce memory usage. Loaded Objects now: 1693.
Total: 3.714400 ms (FindLiveObjects: 0.418400 ms CreateObjectMapping: 0.078900 ms MarkObjects: 3.152200 ms  DeleteObjects: 0.063200 ms)

AssetImportParameters requested are different than current active one (requested -> active):
  custom:graphics/normal-map-encoding: 01000000000000000000000000000000 -> 02000000000000000000000000000000
========================================================================
Received Prepare
Registering precompiled user dll's ...
Registered in 0.000697 seconds.
Begin MonoManager ReloadAssembly
Native extension for WindowsStandalone target not found
Refreshing native plugins compatible for Editor in 0.19 ms, found 0 plugins.
Preloading 0 native plugins for Editor in 0.00 ms.
Invoked RoslynAnalysisRunner static constructor.
RoslynAnalysisRunner will not be running.
RoslynAnalysisRunner has terminated.
Mono: successfully reloaded assembly
- Completed reload, in  0.725 seconds
Platform modules already initialized, skipping
Switching build target platform(5) subTarget(0) extendedPlatform(0) -> platform(13) subTarget(537395200) extendedPlatform(0)
Refreshing native plugins compatible for Editor in 0.19 ms, found 0 plugins.
Preloading 0 native plugins for Editor in 0.00 ms.
Unloading 1158 Unused Serialized files (Serialized files now loaded: 0)
System memory in use before: 64.3 MB.
System memory in use after: 64.4 MB.

Unloading 5 unused Assets to reduce memory usage. Loaded Objects now: 1696.
Total: 1.547600 ms (FindLiveObjects: 0.172500 ms CreateObjectMapping: 0.033300 ms MarkObjects: 1.305400 ms  DeleteObjects: 0.035300 ms)

AssetImportParameters requested are different than current active one (requested -> active):
  custom:graphics/normal-map-encoding: 01000000000000000000000000000000 -> 02000000000000000000000000000000
========================================================================
Received Prepare
Registering precompiled user dll's ...
Registered in 0.164220 seconds.
Begin MonoManager ReloadAssembly
Native extension for WindowsStandalone target not found
Refreshing native plugins compatible for Editor in 0.58 ms, found 0 plugins.
Preloading 0 native plugins for Editor in 0.00 ms.
Invoked RoslynAnalysisRunner static constructor.
RoslynAnalysisRunner will not be running.
RoslynAnalysisRunner has terminated.
Mono: successfully reloaded assembly
- Completed reload, in 10.243 seconds
Platform modules already initialized, skipping
Switching build target platform(5) subTarget(0) extendedPlatform(0) -> platform(13) subTarget(537395200) extendedPlatform(0)
Refreshing native plugins compatible for Editor in 0.37 ms, found 0 plugins.
Preloading 0 native plugins for Editor in 0.00 ms.
Unloading 1158 Unused Serialized files (Serialized files now loaded: 0)
System memory in use before: 64.3 MB.
System memory in use after: 64.4 MB.

Unloading 5 unused Assets to reduce memory usage. Loaded Objects now: 1699.
Total: 3.113000 ms (FindLiveObjects: 0.241900 ms CreateObjectMapping: 0.066400 ms MarkObjects: 2.678000 ms  DeleteObjects: 0.125000 ms)

AssetImportParameters requested are different than current active one (requested -> active):
  custom:graphics/normal-map-encoding: 01000000000000000000000000000000 -> 02000000000000000000000000000000
AssetImportWorkerClient::OnTransportError - code=2 error=End of file
